TN:
SF:/Users/dillonkearns/src/github.com/dillonkearns/elm-syntax/property-test/script/src/Canonical/FromElmSyntaxJson.elm
FN:23,decoder
FN:32,moduleNameDecoder
FN:45,nodeDecoder
FN:50,declarationDecoder
FN:76,functionDecoder
FN:112,functionImplDecoder
FN:119,typeAliasDecoder_
FN:134,customTypeDecoder_
FN:149,constructorDecoder_
FN:156,portDecoder_
FN:169,destructuringDecoder
FN:180,expressionDecoder_
FN:366,operatorApplicationDecoder
FN:377,letDeclarationDecoder_
FN:422,patternDecoder_
FN:511,typeAnnotationDecoder_
FNDA:1,decoder
FNDA:1,moduleNameDecoder
FNDA:43,nodeDecoder
FNDA:1,declarationDecoder
FNDA:1,functionDecoder
FNDA:1,functionImplDecoder
FNDA:1,typeAliasDecoder_
FNDA:1,customTypeDecoder_
FNDA:1,constructorDecoder_
FNDA:1,portDecoder_
FNDA:1,destructuringDecoder
FNDA:2,expressionDecoder_
FNDA:1,operatorApplicationDecoder
FNDA:1,letDeclarationDecoder_
FNDA:1,patternDecoder_
FNDA:1,typeAnnotationDecoder_
FNF:16
FNH:16
BRDA:55,0,0,1
BRDA:58,0,1,0
BRDA:61,0,2,1
BRDA:64,0,3,0
BRDA:67,0,4,0
BRDA:70,0,5,0
BRDA:185,0,6,0
BRDA:188,0,7,0
BRDA:193,0,8,0
BRDA:196,0,9,0
BRDA:203,0,10,0
BRDA:211,0,11,0
BRDA:214,0,12,0
BRDA:217,0,13,2
BRDA:220,0,14,0
BRDA:223,0,15,0
BRDA:226,0,16,0
BRDA:229,0,17,2
BRDA:234,0,18,1
BRDA:242,0,19,0
BRDA:245,0,20,0
BRDA:237,0,21,0
BRDA:249,0,22,1
BRDA:255,0,23,0
BRDA:259,0,24,0
BRDA:270,0,25,0
BRDA:286,0,26,1
BRDA:297,0,27,0
BRDA:309,0,28,0
BRDA:314,0,29,0
BRDA:321,0,30,0
BRDA:329,0,31,0
BRDA:341,0,32,0
BRDA:357,0,33,0
BRDA:360,0,34,0
BRDA:382,0,35,0
BRDA:405,0,36,0
BRDA:412,0,37,0
BRDA:427,0,38,0
BRDA:430,0,39,0
BRDA:438,0,40,0
BRDA:441,0,41,0
BRDA:433,0,42,0
BRDA:445,0,43,0
BRDA:448,0,44,0
BRDA:451,0,45,0
BRDA:454,0,46,0
BRDA:457,0,47,0
BRDA:462,0,48,0
BRDA:467,0,49,0
BRDA:474,0,50,0
BRDA:479,0,51,2
BRDA:482,0,52,0
BRDA:490,0,53,0
BRDA:497,0,54,0
BRDA:501,0,55,0
BRDA:516,0,56,0
BRDA:519,0,57,4
BRDA:533,0,58,0
BRDA:536,0,59,0
BRDA:543,0,60,0
BRDA:557,0,61,0
BRDA:575,0,62,1
BRDA:582,0,63,0
BRF:64
BRH:10
DA:23,1
DA:24,1
DA:25,1
DA:26,1
DA:27,1
DA:28,1
DA:32,1
DA:33,1
DA:34,1
DA:35,1
DA:36,1
DA:37,1
DA:38,1
DA:39,1
DA:45,43
DA:46,43
DA:50,1
DA:51,1
DA:52,1
DA:53,2
DA:54,2
DA:55,1
DA:56,1
DA:57,2
DA:58,0
DA:59,0
DA:60,2
DA:61,1
DA:62,1
DA:63,2
DA:64,0
DA:65,0
DA:66,2
DA:67,0
DA:68,0
DA:69,2
DA:70,0
DA:71,0
DA:72,1
DA:76,1
DA:77,1
DA:78,1
DA:79,1
DA:80,1
DA:81,1
DA:82,1
DA:83,1
DA:84,1
DA:85,1
DA:86,1
DA:87,1
DA:88,1
DA:89,1
DA:90,1
DA:91,1
DA:92,1
DA:93,1
DA:94,1
DA:95,1
DA:96,1
DA:97,1
DA:98,1
DA:99,1
DA:100,1
DA:101,1
DA:102,1
DA:112,1
DA:113,1
DA:114,1
DA:115,1
DA:119,1
DA:120,1
DA:121,0
DA:122,0
DA:123,0
DA:124,0
DA:125,0
DA:126,0
DA:127,1
DA:128,1
DA:129,1
DA:130,1
DA:134,1
DA:135,1
DA:136,1
DA:137,1
DA:138,1
DA:139,1
DA:140,1
DA:141,1
DA:142,1
DA:143,1
DA:144,1
DA:145,1
DA:149,1
DA:150,1
DA:151,1
DA:152,1
DA:156,1
DA:157,1
DA:158,0
DA:159,0
DA:160,0
DA:161,0
DA:162,0
DA:163,1
DA:164,1
DA:165,1
DA:169,1
DA:170,1
DA:171,1
DA:172,1
DA:180,2
DA:181,2
DA:182,2
DA:183,7
DA:184,7
DA:185,0
DA:186,0
DA:187,7
DA:188,0
DA:189,0
DA:190,0
DA:191,0
DA:192,7
DA:193,0
DA:194,0
DA:195,7
DA:196,0
DA:197,0
DA:198,0
DA:199,0
DA:200,0
DA:201,0
DA:202,7
DA:203,0
DA:204,0
DA:205,0
DA:206,0
DA:207,0
DA:208,0
DA:209,0
DA:210,7
DA:211,0
DA:212,0
DA:213,7
DA:214,0
DA:215,0
DA:216,7
DA:217,2
DA:218,2
DA:219,7
DA:220,0
DA:221,0
DA:222,7
DA:223,0
DA:224,0
DA:225,7
DA:226,0
DA:227,0
DA:228,7
DA:229,2
DA:230,2
DA:231,2
DA:232,2
DA:233,7
DA:234,1
DA:235,1
DA:236,7
DA:237,0
DA:238,0
DA:239,0
DA:240,0
DA:241,0
DA:242,0
DA:243,0
DA:244,0
DA:245,0
DA:246,0
DA:247,0
DA:248,7
DA:249,1
DA:250,1
DA:251,3
DA:252,1
DA:253,7
DA:254,7
DA:255,0
DA:256,0
DA:257,0
DA:258,7
DA:259,0
DA:260,0
DA:261,0
DA:262,0
DA:263,0
DA:264,0
DA:265,0
DA:266,0
DA:267,0
DA:268,0
DA:269,7
DA:270,0
DA:271,0
DA:272,0
DA:273,0
DA:274,0
DA:275,0
DA:276,0
DA:277,0
DA:278,0
DA:279,0
DA:280,0
DA:281,0
DA:282,0
DA:283,0
DA:284,0
DA:285,7
DA:286,1
DA:287,1
DA:288,1
DA:289,1
DA:290,2
DA:291,1
DA:292,1
DA:293,1
DA:294,1
DA:295,1
DA:296,7
DA:297,0
DA:298,0
DA:299,0
DA:300,0
DA:301,0
DA:302,0
DA:303,0
DA:304,0
DA:305,0
DA:306,0
DA:307,0
DA:308,7
DA:309,0
DA:310,0
DA:311,0
DA:312,0
DA:313,7
DA:314,0
DA:315,0
DA:316,0
DA:317,0
DA:318,0
DA:319,0
DA:320,7
DA:321,0
DA:322,0
DA:323,0
DA:324,0
DA:325,0
DA:326,0
DA:327,0
DA:328,7
DA:329,0
DA:330,0
DA:331,0
DA:332,0
DA:333,0
DA:334,0
DA:335,0
DA:336,0
DA:337,0
DA:338,0
DA:339,0
DA:340,7
DA:341,0
DA:342,0
DA:343,0
DA:344,0
DA:345,0
DA:346,0
DA:347,0
DA:348,0
DA:349,0
DA:350,0
DA:351,0
DA:352,0
DA:353,0
DA:354,0
DA:355,0
DA:356,7
DA:357,0
DA:358,0
DA:359,7
DA:360,0
DA:361,0
DA:362,2
DA:366,1
DA:367,1
DA:368,0
DA:369,0
DA:370,1
DA:371,1
DA:372,0
DA:373,0
DA:377,1
DA:378,1
DA:379,1
DA:380,0
DA:381,0
DA:382,0
DA:383,0
DA:384,0
DA:385,0
DA:386,0
DA:387,0
DA:388,0
DA:389,0
DA:390,0
DA:391,0
DA:392,0
DA:393,0
DA:394,0
DA:395,0
DA:396,0
DA:397,0
DA:398,0
DA:399,0
DA:400,0
DA:401,0
DA:402,0
DA:403,0
DA:404,0
DA:405,0
DA:406,0
DA:407,0
DA:408,0
DA:409,0
DA:410,0
DA:411,0
DA:412,0
DA:413,0
DA:414,1
DA:422,1
DA:423,1
DA:424,1
DA:425,2
DA:426,2
DA:427,0
DA:428,0
DA:429,2
DA:430,0
DA:431,0
DA:432,2
DA:433,0
DA:434,0
DA:435,0
DA:436,0
DA:437,0
DA:438,0
DA:439,0
DA:440,0
DA:441,0
DA:442,0
DA:443,0
DA:444,2
DA:445,0
DA:446,0
DA:447,2
DA:448,0
DA:449,0
DA:450,2
DA:451,0
DA:452,0
DA:453,2
DA:454,0
DA:455,0
DA:456,2
DA:457,0
DA:458,0
DA:459,0
DA:460,0
DA:461,2
DA:462,0
DA:463,0
DA:464,0
DA:465,0
DA:466,2
DA:467,0
DA:468,0
DA:469,0
DA:470,0
DA:471,0
DA:472,0
DA:473,2
DA:474,0
DA:475,0
DA:476,0
DA:477,0
DA:478,2
DA:479,2
DA:480,2
DA:481,2
DA:482,0
DA:483,0
DA:484,0
DA:485,0
DA:486,0
DA:487,0
DA:488,0
DA:489,2
DA:490,0
DA:491,0
DA:492,0
DA:493,0
DA:494,0
DA:495,0
DA:496,2
DA:497,0
DA:498,0
DA:499,0
DA:500,2
DA:501,0
DA:502,0
DA:503,1
DA:511,1
DA:512,1
DA:513,1
DA:514,5
DA:515,5
DA:516,0
DA:517,0
DA:518,5
DA:519,4
DA:520,4
DA:521,4
DA:522,4
DA:523,4
DA:524,4
DA:525,4
DA:526,4
DA:527,4
DA:528,4
DA:529,1
DA:530,4
DA:531,4
DA:532,5
DA:533,0
DA:534,0
DA:535,5
DA:536,0
DA:537,0
DA:538,0
DA:539,0
DA:540,0
DA:541,0
DA:542,5
DA:543,0
DA:544,0
DA:545,0
DA:546,0
DA:547,0
DA:548,0
DA:549,0
DA:550,0
DA:551,0
DA:552,0
DA:553,0
DA:554,0
DA:555,0
DA:556,5
DA:557,0
DA:558,0
DA:559,0
DA:560,0
DA:561,0
DA:562,0
DA:563,0
DA:564,0
DA:565,0
DA:566,0
DA:567,0
DA:568,0
DA:569,0
DA:570,0
DA:571,0
DA:572,0
DA:573,0
DA:574,5
DA:575,1
DA:576,1
DA:577,1
DA:578,1
DA:579,1
DA:580,1
DA:581,5
DA:582,0
DA:583,0
DA:584,1
LF:497
LH:211
end_of_record

TN:
SF:/Users/dillonkearns/src/github.com/dillonkearns/elm-syntax/property-test/script/src/Canonical/Encode.elm
FN:8,encodeFile
FN:16,encodeDeclaration
FN:57,encodeFunctionDef
FN:74,encodeExpression
FN:201,encodeLetDeclaration
FN:216,encodePattern
FN:275,encodeTypeAnnotation
FN:316,encodeRecordField
FN:324,encodeConstructor
FN:332,tagged
FNDA:0,encodeFile
FNDA:0,encodeDeclaration
FNDA:0,encodeFunctionDef
FNDA:0,encodeExpression
FNDA:0,encodeLetDeclaration
FNDA:0,encodePattern
FNDA:0,encodeTypeAnnotation
FNDA:0,encodeRecordField
FNDA:0,encodeConstructor
FNDA:0,tagged
FNF:10
FNH:0
BRDA:18,0,0,0
BRDA:21,0,1,0
BRDA:30,0,2,0
BRDA:39,0,3,0
BRDA:47,0,4,0
BRDA:62,0,5,0
BRDA:65,0,6,0
BRDA:76,0,7,0
BRDA:79,0,8,0
BRDA:82,0,9,0
BRDA:90,0,10,0
BRDA:99,0,11,0
BRDA:102,0,12,0
BRDA:105,0,13,0
BRDA:108,0,14,0
BRDA:111,0,15,0
BRDA:114,0,16,0
BRDA:117,0,17,0
BRDA:120,0,18,0
BRDA:123,0,19,0
BRDA:131,0,20,0
BRDA:148,0,21,0
BRDA:156,0,22,0
BRDA:168,0,23,0
BRDA:176,0,24,0
BRDA:179,0,25,0
BRDA:196,0,26,0
BRDA:203,0,27,0
BRDA:206,0,28,0
BRDA:218,0,29,0
BRDA:221,0,30,0
BRDA:224,0,31,0
BRDA:227,0,32,0
BRDA:230,0,33,0
BRDA:233,0,34,0
BRDA:236,0,35,0
BRDA:239,0,36,0
BRDA:242,0,37,0
BRDA:250,0,38,0
BRDA:253,0,39,0
BRDA:256,0,40,0
BRDA:265,0,41,0
BRDA:277,0,42,0
BRDA:280,0,43,0
BRDA:289,0,44,0
BRDA:292,0,45,0
BRDA:295,0,46,0
BRDA:298,0,47,0
BRDA:306,0,48,0
BRF:49
BRH:0
DA:8,0
DA:9,0
DA:10,0
DA:11,0
DA:12,0
DA:16,0
DA:17,0
DA:18,0
DA:19,0
DA:20,0
DA:21,0
DA:22,0
DA:23,0
DA:24,0
DA:25,0
DA:26,0
DA:27,0
DA:28,0
DA:29,0
DA:30,0
DA:31,0
DA:32,0
DA:33,0
DA:34,0
DA:35,0
DA:36,0
DA:37,0
DA:38,0
DA:39,0
DA:40,0
DA:41,0
DA:42,0
DA:43,0
DA:44,0
DA:45,0
DA:46,0
DA:47,0
DA:48,0
DA:49,0
DA:50,0
DA:51,0
DA:52,0
DA:53,0
DA:57,0
DA:58,0
DA:59,0
DA:60,0
DA:61,0
DA:62,0
DA:63,0
DA:64,0
DA:65,0
DA:66,0
DA:67,0
DA:68,0
DA:69,0
DA:70,0
DA:74,0
DA:75,0
DA:76,0
DA:77,0
DA:78,0
DA:79,0
DA:80,0
DA:81,0
DA:82,0
DA:83,0
DA:84,0
DA:85,0
DA:86,0
DA:87,0
DA:88,0
DA:89,0
DA:90,0
DA:91,0
DA:92,0
DA:93,0
DA:94,0
DA:95,0
DA:96,0
DA:97,0
DA:98,0
DA:99,0
DA:100,0
DA:101,0
DA:102,0
DA:103,0
DA:104,0
DA:105,0
DA:106,0
DA:107,0
DA:108,0
DA:109,0
DA:110,0
DA:111,0
DA:112,0
DA:113,0
DA:114,0
DA:115,0
DA:116,0
DA:117,0
DA:118,0
DA:119,0
DA:120,0
DA:121,0
DA:122,0
DA:123,0
DA:124,0
DA:125,0
DA:126,0
DA:127,0
DA:128,0
DA:129,0
DA:130,0
DA:131,0
DA:132,0
DA:133,0
DA:134,0
DA:135,0
DA:136,0
DA:137,0
DA:138,0
DA:139,0
DA:140,0
DA:141,0
DA:142,0
DA:143,0
DA:144,0
DA:145,0
DA:146,0
DA:147,0
DA:148,0
DA:149,0
DA:150,0
DA:151,0
DA:152,0
DA:153,0
DA:154,0
DA:155,0
DA:156,0
DA:157,0
DA:158,0
DA:159,0
DA:160,0
DA:161,0
DA:162,0
DA:163,0
DA:164,0
DA:165,0
DA:166,0
DA:167,0
DA:168,0
DA:169,0
DA:170,0
DA:171,0
DA:172,0
DA:173,0
DA:174,0
DA:175,0
DA:176,0
DA:177,0
DA:178,0
DA:179,0
DA:180,0
DA:181,0
DA:182,0
DA:183,0
DA:184,0
DA:185,0
DA:186,0
DA:187,0
DA:188,0
DA:189,0
DA:190,0
DA:191,0
DA:192,0
DA:193,0
DA:194,0
DA:195,0
DA:196,0
DA:197,0
DA:201,0
DA:202,0
DA:203,0
DA:204,0
DA:205,0
DA:206,0
DA:207,0
DA:208,0
DA:209,0
DA:210,0
DA:211,0
DA:212,0
DA:216,0
DA:217,0
DA:218,0
DA:219,0
DA:220,0
DA:221,0
DA:222,0
DA:223,0
DA:224,0
DA:225,0
DA:226,0
DA:227,0
DA:228,0
DA:229,0
DA:230,0
DA:231,0
DA:232,0
DA:233,0
DA:234,0
DA:235,0
DA:236,0
DA:237,0
DA:238,0
DA:239,0
DA:240,0
DA:241,0
DA:242,0
DA:243,0
DA:244,0
DA:245,0
DA:246,0
DA:247,0
DA:248,0
DA:249,0
DA:250,0
DA:251,0
DA:252,0
DA:253,0
DA:254,0
DA:255,0
DA:256,0
DA:257,0
DA:258,0
DA:259,0
DA:260,0
DA:261,0
DA:262,0
DA:263,0
DA:264,0
DA:265,0
DA:266,0
DA:267,0
DA:268,0
DA:269,0
DA:270,0
DA:271,0
DA:275,0
DA:276,0
DA:277,0
DA:278,0
DA:279,0
DA:280,0
DA:281,0
DA:282,0
DA:283,0
DA:284,0
DA:285,0
DA:286,0
DA:287,0
DA:288,0
DA:289,0
DA:290,0
DA:291,0
DA:292,0
DA:293,0
DA:294,0
DA:295,0
DA:296,0
DA:297,0
DA:298,0
DA:299,0
DA:300,0
DA:301,0
DA:302,0
DA:303,0
DA:304,0
DA:305,0
DA:306,0
DA:307,0
DA:308,0
DA:309,0
DA:310,0
DA:311,0
DA:312,0
DA:316,0
DA:317,0
DA:318,0
DA:319,0
DA:320,0
DA:324,0
DA:325,0
DA:326,0
DA:327,0
DA:328,0
DA:332,0
DA:333,0
DA:334,0
DA:335,0
DA:336,0
LF:302
LH:0
end_of_record

TN:
SF:/Users/dillonkearns/src/github.com/dillonkearns/elm-syntax/property-test/script/src/Canonical/Diff.elm
FN:20,diff
FN:33,diffModuleName
FN:46,diffDeclarationLists
FN:64,diffDeclaration
FN:96,diffFunctionDef
FN:103,diffExpression
FN:116,diffPattern
FN:129,diffTypeAnnotation
FN:142,diffPatternLists
FN:160,diffConstructorLists
FN:183,diffTypeAnnotationLists
FN:201,diffString
FN:210,diffStringLists
FN:227,exprEq
FN:232,patEq
FN:237,typeEq
FN:246,declKind
FN:265,showPattern
FN:276,showType
FN:287,formatDiff
FN:303,normalizeFile
FN:308,normalizeDeclaration
FN:333,normalizeFunctionDef
FN:341,normalizeExpression
FN:414,normalizeLetDecl
FN:424,normalizePattern
FN:446,normalizeTypeAnnotation
FN:478,deduplicateKeepLast
FNDA:1,diff
FNDA:1,diffModuleName
FNDA:1,diffDeclarationLists
FNDA:2,diffDeclaration
FNDA:1,diffFunctionDef
FNDA:1,diffExpression
FNDA:0,diffPattern
FNDA:1,diffTypeAnnotation
FNDA:1,diffPatternLists
FNDA:1,diffConstructorLists
FNDA:1,diffTypeAnnotationLists
FNDA:3,diffString
FNDA:1,diffStringLists
FNDA:1,exprEq
FNDA:0,patEq
FNDA:1,typeEq
FNDA:0,declKind
FNDA:0,showPattern
FNDA:0,showType
FNDA:0,formatDiff
FNDA:2,normalizeFile
FNDA:4,normalizeDeclaration
FNDA:2,normalizeFunctionDef
FNDA:10,normalizeExpression
FNDA:0,normalizeLetDecl
FNDA:4,normalizePattern
FNDA:6,normalizeTypeAnnotation
FNDA:0,deduplicateKeepLast
FNF:28
FNH:20
BRDA:35,0,0,1
BRDA:38,0,1,0
BRDA:48,0,2,0
BRDA:55,0,3,1
BRDA:66,0,4,1
BRDA:69,0,5,0
BRDA:74,0,6,1
BRDA:79,0,7,0
BRDA:83,0,8,0
BRDA:87,0,9,0
BRDA:105,0,10,1
BRDA:108,0,11,0
BRDA:118,0,12,0
BRDA:121,0,13,0
BRDA:131,0,14,1
BRDA:134,0,15,0
BRDA:144,0,16,0
BRDA:151,0,17,1
BRDA:162,0,18,0
BRDA:169,0,19,1
BRDA:185,0,20,0
BRDA:192,0,21,1
BRDA:203,0,22,3
BRDA:206,0,23,0
BRDA:212,0,24,1
BRDA:215,0,25,0
BRDA:248,0,26,0
BRDA:251,0,27,0
BRDA:254,0,28,0
BRDA:257,0,29,0
BRDA:260,0,30,0
BRDA:310,0,31,2
BRDA:313,0,32,0
BRDA:316,0,33,2
BRDA:325,0,34,0
BRDA:328,0,35,0
BRDA:345,0,36,2
BRDA:348,0,37,0
BRDA:353,0,38,0
BRDA:361,0,39,0
BRDA:365,0,40,0
BRDA:373,0,41,0
BRDA:381,0,42,0
BRDA:384,0,43,0
BRDA:387,0,44,0
BRDA:390,0,45,2
BRDA:393,0,46,0
BRDA:396,0,47,0
BRDA:399,0,48,0
BRDA:403,0,49,2
BRDA:406,0,50,0
BRDA:409,0,51,4
BRDA:416,0,52,0
BRDA:419,0,53,0
BRDA:426,0,54,0
BRDA:429,0,55,0
BRDA:432,0,56,0
BRDA:435,0,57,0
BRDA:438,0,58,0
BRDA:441,0,59,4
BRDA:448,0,60,4
BRDA:451,0,61,0
BRDA:454,0,62,0
BRDA:461,0,63,0
BRDA:468,0,64,2
BRDA:471,0,65,0
BRDA:484,0,66,0
BRDA:487,0,67,0
BRF:68
BRH:20
DA:20,1
DA:21,1
DA:22,1
DA:23,1
DA:24,1
DA:25,1
DA:26,1
DA:27,1
DA:28,1
DA:29,1
DA:33,1
DA:34,1
DA:35,1
DA:36,1
DA:37,1
DA:38,0
DA:39,0
DA:40,0
DA:41,0
DA:42,0
DA:46,1
DA:47,1
DA:48,0
DA:49,0
DA:50,0
DA:51,0
DA:52,0
DA:53,1
DA:54,1
DA:55,1
DA:56,2
DA:57,2
DA:58,1
DA:59,1
DA:60,1
DA:64,2
DA:65,2
DA:66,1
DA:67,1
DA:68,2
DA:69,0
DA:70,0
DA:71,0
DA:72,0
DA:73,2
DA:74,1
DA:75,1
DA:76,1
DA:77,1
DA:78,2
DA:79,0
DA:80,0
DA:81,0
DA:82,2
DA:83,0
DA:84,0
DA:85,0
DA:86,2
DA:87,0
DA:88,0
DA:89,0
DA:90,0
DA:91,0
DA:92,0
DA:96,1
DA:97,1
DA:98,1
DA:99,1
DA:103,1
DA:104,1
DA:105,1
DA:106,1
DA:107,1
DA:108,0
DA:109,0
DA:110,0
DA:111,0
DA:112,0
DA:116,0
DA:117,0
DA:118,0
DA:119,0
DA:120,0
DA:121,0
DA:122,0
DA:123,0
DA:124,0
DA:125,0
DA:129,1
DA:130,1
DA:131,1
DA:132,1
DA:133,1
DA:134,0
DA:135,0
DA:136,0
DA:137,0
DA:138,0
DA:142,1
DA:143,1
DA:144,0
DA:145,0
DA:146,0
DA:147,0
DA:148,0
DA:149,1
DA:150,1
DA:151,1
DA:152,0
DA:153,0
DA:154,1
DA:155,1
DA:156,1
DA:160,1
DA:161,1
DA:162,0
DA:163,0
DA:164,0
DA:165,0
DA:166,0
DA:167,1
DA:168,1
DA:169,1
DA:170,1
DA:171,1
DA:172,1
DA:173,1
DA:174,1
DA:175,1
DA:176,1
DA:177,1
DA:178,1
DA:179,1
DA:183,1
DA:184,1
DA:185,0
DA:186,0
DA:187,0
DA:188,0
DA:189,0
DA:190,1
DA:191,1
DA:192,1
DA:193,1
DA:194,1
DA:195,1
DA:196,1
DA:197,1
DA:201,3
DA:202,3
DA:203,3
DA:204,3
DA:205,3
DA:206,0
DA:210,1
DA:211,1
DA:212,1
DA:213,1
DA:214,1
DA:215,0
DA:216,0
DA:217,0
DA:218,0
DA:219,0
DA:227,1
DA:228,1
DA:232,0
DA:233,0
DA:237,1
DA:238,1
DA:246,0
DA:247,0
DA:248,0
DA:249,0
DA:250,0
DA:251,0
DA:252,0
DA:253,0
DA:254,0
DA:255,0
DA:256,0
DA:257,0
DA:258,0
DA:259,0
DA:260,0
DA:261,0
DA:265,0
DA:266,0
DA:267,0
DA:268,0
DA:269,0
DA:270,0
DA:271,0
DA:272,0
DA:276,0
DA:277,0
DA:278,0
DA:279,0
DA:280,0
DA:281,0
DA:282,0
DA:283,0
DA:287,0
DA:288,0
DA:289,0
DA:290,0
DA:291,0
DA:292,0
DA:293,0
DA:303,2
DA:304,2
DA:308,4
DA:309,4
DA:310,2
DA:311,2
DA:312,4
DA:313,0
DA:314,0
DA:315,4
DA:316,2
DA:317,2
DA:318,2
DA:319,2
DA:320,2
DA:321,2
DA:322,2
DA:323,2
DA:324,4
DA:325,0
DA:326,0
DA:327,4
DA:328,0
DA:329,0
DA:333,2
DA:334,2
DA:335,2
DA:336,2
DA:337,2
DA:341,10
DA:342,10
DA:343,10
DA:344,10
DA:345,2
DA:346,2
DA:347,10
DA:348,0
DA:349,0
DA:350,10
DA:351,10
DA:352,10
DA:353,0
DA:354,0
DA:355,0
DA:356,0
DA:357,0
DA:358,10
DA:359,10
DA:360,10
DA:361,0
DA:362,0
DA:363,10
DA:364,10
DA:365,0
DA:366,0
DA:367,0
DA:368,0
DA:369,0
DA:370,0
DA:371,0
DA:372,10
DA:373,0
DA:374,0
DA:375,0
DA:376,0
DA:377,0
DA:378,0
DA:379,10
DA:380,10
DA:381,0
DA:382,0
DA:383,10
DA:384,0
DA:385,0
DA:386,10
DA:387,0
DA:388,0
DA:389,10
DA:390,2
DA:391,2
DA:392,10
DA:393,0
DA:394,0
DA:395,10
DA:396,0
DA:397,0
DA:398,10
DA:399,0
DA:400,0
DA:401,0
DA:402,10
DA:403,2
DA:404,2
DA:405,10
DA:406,0
DA:407,0
DA:408,10
DA:409,4
DA:410,4
DA:414,0
DA:415,0
DA:416,0
DA:417,0
DA:418,0
DA:419,0
DA:420,0
DA:424,4
DA:425,4
DA:426,0
DA:427,0
DA:428,4
DA:429,0
DA:430,0
DA:431,4
DA:432,0
DA:433,0
DA:434,4
DA:435,0
DA:436,0
DA:437,4
DA:438,0
DA:439,0
DA:440,4
DA:441,4
DA:442,4
DA:446,6
DA:447,6
DA:448,4
DA:449,4
DA:450,6
DA:451,0
DA:452,0
DA:453,6
DA:454,0
DA:455,0
DA:456,0
DA:457,0
DA:458,0
DA:459,0
DA:460,6
DA:461,0
DA:462,0
DA:463,0
DA:464,0
DA:465,0
DA:466,0
DA:467,6
DA:468,2
DA:469,2
DA:470,6
DA:471,0
DA:472,0
DA:478,0
DA:479,0
DA:480,0
DA:481,0
DA:482,0
DA:483,0
DA:484,0
DA:485,0
DA:486,0
DA:487,0
DA:488,0
DA:489,0
DA:490,0
LF:374
LH:175
end_of_record

TN:
SF:/Users/dillonkearns/src/github.com/dillonkearns/elm-syntax/property-test/script/src/Canonical/FromElmFormatJson.elm
FN:23,decoder
FN:30,declarationDecoder
FN:58,definitionDecoder
FN:77,typeAliasDecoder
FN:92,customTypeDecoder
FN:107,constructorDecoder
FN:114,portDecoder
FN:131,expressionDecoder
FN:286,functionApplicationDecoder
FN:296,letDeclarationDecoder
FN:327,recordExprDecoder
FN:335,constructorRefDecoder
FN:366,recordUpdateDecoder
FN:379,patternDecoder
FN:459,typeAnnotationDecoder
FN:525,recordTypeDecoder
FNDA:1,decoder
FNDA:1,declarationDecoder
FNDA:1,definitionDecoder
FNDA:1,typeAliasDecoder
FNDA:1,customTypeDecoder
FNDA:1,constructorDecoder
FNDA:1,portDecoder
FNDA:1,expressionDecoder
FNDA:1,functionApplicationDecoder
FNDA:1,letDeclarationDecoder
FNDA:1,recordExprDecoder
FNDA:1,constructorRefDecoder
FNDA:1,recordUpdateDecoder
FNDA:1,patternDecoder
FNDA:1,typeAnnotationDecoder
FNDA:1,recordTypeDecoder
FNF:16
FNH:16
BRDA:35,0,0,1
BRDA:38,0,1,0
BRDA:41,0,2,1
BRDA:44,0,3,0
BRDA:49,0,4,0
BRDA:52,0,5,0
BRDA:136,0,6,0
BRDA:139,0,7,2
BRDA:142,0,8,0
BRDA:145,0,9,1
BRDA:153,0,10,0
BRDA:156,0,11,0
BRDA:148,0,12,0
BRDA:160,0,13,0
BRDA:173,0,14,0
BRDA:176,0,15,0
BRDA:164,0,16,0
BRDA:181,0,17,0
BRDA:185,0,18,0
BRDA:190,0,19,0
BRDA:197,0,20,0
BRDA:201,0,21,0
BRDA:207,0,22,0
BRDA:212,0,23,0
BRDA:224,0,24,0
BRDA:229,0,25,1
BRDA:234,0,26,0
BRDA:238,0,27,1
BRDA:242,0,28,0
BRDA:246,0,29,0
BRDA:250,0,30,0
BRDA:253,0,31,0
BRDA:256,0,32,0
BRDA:259,0,33,0
BRDA:262,0,34,0
BRDA:265,0,35,0
BRDA:269,0,36,0
BRDA:274,0,37,0
BRDA:277,0,38,0
BRDA:280,0,39,0
BRDA:301,0,40,0
BRDA:316,0,41,0
BRDA:321,0,42,0
BRDA:340,0,43,0
BRDA:352,0,44,0
BRDA:355,0,45,0
BRDA:344,0,46,0
BRDA:360,0,47,0
BRDA:384,0,48,0
BRDA:387,0,49,0
BRDA:390,0,50,2
BRDA:393,0,51,0
BRDA:401,0,52,0
BRDA:404,0,53,0
BRDA:396,0,54,0
BRDA:408,0,55,0
BRDA:411,0,56,0
BRDA:414,0,57,0
BRDA:417,0,58,0
BRDA:421,0,59,0
BRDA:425,0,60,0
BRDA:431,0,61,0
BRDA:436,0,62,0
BRDA:440,0,63,0
BRDA:446,0,64,0
BRDA:449,0,65,0
BRDA:464,0,66,0
BRDA:467,0,67,0
BRDA:480,0,68,1
BRDA:483,0,69,3
BRDA:492,0,70,1
BRDA:495,0,71,3
BRDA:470,0,72,4
BRDA:503,0,73,0
BRDA:507,0,74,0
BRDA:510,0,75,1
BRDA:519,0,76,0
BRDA:537,0,77,0
BRDA:540,0,78,0
BRF:79
BRH:13
DA:23,1
DA:24,1
DA:25,1
DA:26,1
DA:30,1
DA:31,1
DA:32,1
DA:33,2
DA:34,2
DA:35,1
DA:36,1
DA:37,2
DA:38,0
DA:39,0
DA:40,2
DA:41,1
DA:42,1
DA:43,2
DA:44,0
DA:45,0
DA:46,2
DA:47,2
DA:48,2
DA:49,0
DA:50,0
DA:51,2
DA:52,0
DA:53,0
DA:54,1
DA:58,1
DA:59,1
DA:60,1
DA:61,1
DA:62,1
DA:63,1
DA:64,1
DA:65,1
DA:66,1
DA:67,1
DA:68,1
DA:69,1
DA:70,1
DA:71,1
DA:72,1
DA:73,1
DA:77,1
DA:78,1
DA:79,0
DA:80,0
DA:81,0
DA:82,0
DA:83,0
DA:84,0
DA:85,1
DA:86,1
DA:87,1
DA:88,1
DA:92,1
DA:93,1
DA:94,1
DA:95,1
DA:96,1
DA:97,1
DA:98,1
DA:99,1
DA:100,1
DA:101,1
DA:102,1
DA:103,1
DA:107,1
DA:108,1
DA:109,1
DA:110,1
DA:114,1
DA:115,1
DA:116,0
DA:117,0
DA:118,0
DA:119,0
DA:120,0
DA:121,1
DA:122,1
DA:123,1
DA:131,1
DA:132,1
DA:133,1
DA:134,5
DA:135,5
DA:136,0
DA:137,0
DA:138,5
DA:139,2
DA:140,2
DA:141,5
DA:142,0
DA:143,0
DA:144,5
DA:145,1
DA:146,1
DA:147,5
DA:148,0
DA:149,0
DA:150,0
DA:151,0
DA:152,0
DA:153,0
DA:154,0
DA:155,0
DA:156,0
DA:157,0
DA:158,0
DA:159,5
DA:160,0
DA:161,0
DA:162,0
DA:163,5
DA:164,0
DA:165,0
DA:166,0
DA:167,0
DA:168,0
DA:169,0
DA:170,0
DA:171,0
DA:172,0
DA:173,0
DA:174,0
DA:175,0
DA:176,0
DA:177,0
DA:178,0
DA:179,0
DA:180,5
DA:181,0
DA:182,0
DA:183,0
DA:184,5
DA:185,0
DA:186,0
DA:187,5
DA:188,5
DA:189,5
DA:190,0
DA:191,0
DA:192,0
DA:193,0
DA:194,0
DA:195,0
DA:196,5
DA:197,0
DA:198,0
DA:199,0
DA:200,5
DA:201,0
DA:202,0
DA:203,0
DA:204,0
DA:205,0
DA:206,5
DA:207,0
DA:208,0
DA:209,0
DA:210,0
DA:211,5
DA:212,0
DA:213,0
DA:214,0
DA:215,0
DA:216,0
DA:217,0
DA:218,0
DA:219,0
DA:220,0
DA:221,0
DA:222,0
DA:223,5
DA:224,0
DA:225,0
DA:226,0
DA:227,0
DA:228,5
DA:229,1
DA:230,1
DA:231,2
DA:232,1
DA:233,5
DA:234,0
DA:235,0
DA:236,0
DA:237,5
DA:238,1
DA:239,3
DA:240,1
DA:241,5
DA:242,0
DA:243,0
DA:244,0
DA:245,5
DA:246,0
DA:247,0
DA:248,0
DA:249,5
DA:250,0
DA:251,0
DA:252,5
DA:253,0
DA:254,0
DA:255,5
DA:256,0
DA:257,0
DA:258,5
DA:259,0
DA:260,0
DA:261,5
DA:262,0
DA:263,0
DA:264,5
DA:265,0
DA:266,0
DA:267,0
DA:268,5
DA:269,0
DA:270,0
DA:271,0
DA:272,0
DA:273,5
DA:274,0
DA:275,0
DA:276,5
DA:277,0
DA:278,0
DA:279,5
DA:280,0
DA:281,0
DA:282,1
DA:286,1
DA:287,1
DA:288,0
DA:289,0
DA:290,1
DA:291,0
DA:292,0
DA:296,1
DA:297,1
DA:298,1
DA:299,0
DA:300,0
DA:301,0
DA:302,0
DA:303,0
DA:304,0
DA:305,0
DA:306,0
DA:307,0
DA:308,0
DA:309,0
DA:310,0
DA:311,0
DA:312,0
DA:313,0
DA:314,0
DA:315,0
DA:316,0
DA:317,0
DA:318,0
DA:319,0
DA:320,0
DA:321,0
DA:322,0
DA:323,1
DA:327,1
DA:328,1
DA:329,0
DA:330,1
DA:331,1
DA:335,1
DA:336,1
DA:337,1
DA:338,0
DA:339,0
DA:340,0
DA:341,0
DA:342,0
DA:343,0
DA:344,0
DA:345,0
DA:346,0
DA:347,0
DA:348,0
DA:349,0
DA:350,0
DA:351,0
DA:352,0
DA:353,0
DA:354,0
DA:355,0
DA:356,0
DA:357,0
DA:358,0
DA:359,0
DA:360,0
DA:361,0
DA:362,1
DA:366,1
DA:367,1
DA:368,1
DA:369,1
DA:370,0
DA:371,1
DA:379,1
DA:380,1
DA:381,1
DA:382,2
DA:383,2
DA:384,0
DA:385,0
DA:386,2
DA:387,0
DA:388,0
DA:389,2
DA:390,2
DA:391,2
DA:392,2
DA:393,0
DA:394,0
DA:395,2
DA:396,0
DA:397,0
DA:398,0
DA:399,0
DA:400,0
DA:401,0
DA:402,0
DA:403,0
DA:404,0
DA:405,0
DA:406,0
DA:407,2
DA:408,0
DA:409,0
DA:410,2
DA:411,0
DA:412,0
DA:413,2
DA:414,0
DA:415,0
DA:416,2
DA:417,0
DA:418,0
DA:419,0
DA:420,2
DA:421,0
DA:422,0
DA:423,0
DA:424,2
DA:425,0
DA:426,0
DA:427,0
DA:428,0
DA:429,0
DA:430,2
DA:431,0
DA:432,0
DA:433,0
DA:434,0
DA:435,2
DA:436,0
DA:437,0
DA:438,0
DA:439,2
DA:440,0
DA:441,0
DA:442,0
DA:443,0
DA:444,2
DA:445,2
DA:446,0
DA:447,0
DA:448,2
DA:449,0
DA:450,0
DA:451,1
DA:459,1
DA:460,1
DA:461,1
DA:462,5
DA:463,5
DA:464,0
DA:465,0
DA:466,5
DA:467,0
DA:468,0
DA:469,5
DA:470,4
DA:471,4
DA:472,4
DA:473,4
DA:474,4
DA:475,4
DA:476,4
DA:477,4
DA:478,4
DA:479,4
DA:480,1
DA:481,4
DA:482,4
DA:483,3
DA:484,4
DA:485,4
DA:486,4
DA:487,4
DA:488,4
DA:489,4
DA:490,4
DA:491,4
DA:492,1
DA:493,1
DA:494,4
DA:495,3
DA:496,3
DA:497,4
DA:498,4
DA:499,4
DA:500,4
DA:501,1
DA:502,5
DA:503,0
DA:504,0
DA:505,0
DA:506,5
DA:507,0
DA:508,0
DA:509,5
DA:510,1
DA:511,1
DA:512,1
DA:513,1
DA:514,1
DA:515,1
DA:516,1
DA:517,1
DA:518,5
DA:519,0
DA:520,0
DA:521,1
DA:525,1
DA:526,1
DA:527,0
DA:528,0
DA:529,0
DA:530,0
DA:531,0
DA:532,0
DA:533,0
DA:534,0
DA:535,0
DA:536,0
DA:537,0
DA:538,0
DA:539,0
DA:540,0
DA:541,0
DA:542,1
DA:543,1
DA:544,0
DA:545,1
LF:466
LH:213
end_of_record

TN:
SF:/Users/dillonkearns/src/github.com/dillonkearns/elm-syntax/property-test/script/src/Canonical.elm
LF:0
LH:0
end_of_record

TN:
SF:/Users/dillonkearns/src/github.com/dillonkearns/elm-syntax/property-test/script/src/PropertyTest.elm
FN:21,run
FN:62,runTests
FN:101,compareSource
FN:143,compareResults
FN:198,program
FNDA:1,run
FNDA:6,runTests
FNDA:5,compareSource
FNDA:1,compareResults
FNDA:1,program
FNF:5
FNH:5
BRDA:29,0,0,1
BRDA:32,0,1,0
BRDA:64,0,2,1
BRDA:81,0,3,1
BRDA:84,0,4,0
BRDA:87,0,5,4
BRDA:67,0,6,5
BRDA:116,0,7,3
BRDA:133,0,8,1
BRDA:137,0,9,1
BRDA:120,0,10,2
BRDA:158,0,11,1
BRDA:162,0,12,0
BRDA:152,0,13,1
BRDA:172,0,14,0
BRDA:181,0,15,0
BRDA:207,0,16,0
BRDA:212,0,17,1
BRDA:215,0,18,0
BRDA:210,0,19,1
BRDA:225,0,20,1
BRDA:228,0,21,0
BRF:22
BRH:14
DA:21,1
DA:22,1
DA:23,1
DA:24,1
DA:25,1
DA:26,1
DA:27,1
DA:28,1
DA:29,1
DA:30,1
DA:31,1
DA:32,0
DA:33,0
DA:34,1
DA:35,1
DA:36,1
DA:37,1
DA:38,1
DA:39,1
DA:40,1
DA:41,1
DA:42,1
DA:43,1
DA:44,1
DA:45,1
DA:46,1
DA:47,1
DA:48,1
DA:49,1
DA:50,1
DA:51,1
DA:62,6
DA:63,6
DA:64,1
DA:65,6
DA:66,6
DA:67,5
DA:68,5
DA:69,5
DA:70,5
DA:71,5
DA:72,5
DA:73,5
DA:74,5
DA:75,5
DA:76,5
DA:77,5
DA:78,5
DA:79,5
DA:80,5
DA:81,1
DA:82,1
DA:83,5
DA:84,0
DA:85,0
DA:86,5
DA:87,4
DA:88,4
DA:89,5
DA:90,5
DA:91,5
DA:101,5
DA:102,5
DA:103,5
DA:104,5
DA:105,5
DA:106,5
DA:107,5
DA:108,5
DA:109,5
DA:110,5
DA:111,5
DA:112,5
DA:113,5
DA:114,5
DA:115,5
DA:116,3
DA:117,3
DA:118,5
DA:119,5
DA:120,2
DA:121,2
DA:122,2
DA:123,2
DA:124,2
DA:125,2
DA:126,2
DA:127,2
DA:128,2
DA:129,2
DA:130,2
DA:131,2
DA:132,2
DA:133,1
DA:134,1
DA:135,2
DA:136,2
DA:137,1
DA:138,2
DA:139,5
DA:143,1
DA:144,1
DA:145,1
DA:146,1
DA:147,1
DA:148,1
DA:149,1
DA:150,1
DA:151,1
DA:152,1
DA:153,1
DA:154,1
DA:155,1
DA:156,1
DA:157,1
DA:158,1
DA:159,1
DA:160,1
DA:161,1
DA:162,0
DA:163,0
DA:164,0
DA:165,0
DA:166,0
DA:167,0
DA:168,0
DA:169,0
DA:170,0
DA:171,1
DA:172,0
DA:173,0
DA:174,0
DA:175,0
DA:176,0
DA:177,0
DA:178,0
DA:179,0
DA:180,1
DA:181,0
DA:182,0
DA:183,0
DA:184,0
DA:185,0
DA:186,0
DA:187,0
DA:188,0
DA:198,1
DA:199,1
DA:200,1
DA:201,1
DA:202,1
DA:203,1
DA:204,1
DA:205,1
DA:206,1
DA:207,0
DA:208,0
DA:209,1
DA:210,1
DA:211,1
DA:212,1
DA:213,1
DA:214,1
DA:215,0
DA:216,0
DA:217,1
DA:218,1
DA:219,1
DA:220,1
DA:221,1
DA:222,1
DA:223,1
DA:224,1
DA:225,1
DA:226,1
DA:227,1
DA:228,0
DA:229,0
DA:230,1
DA:231,1
DA:232,1
LF:181
LH:146
end_of_record

TN:
SF:/Users/dillonkearns/src/github.com/dillonkearns/elm-syntax/property-test/script/src/Generate/Identifier.elm
FN:12,lowerName
FN:29,upperName
FN:34,lowerNames
FN:67,upperNames
FN:86,isKeyword
FN:91,keywords
FNDA:1,lowerName
FNDA:1,upperName
FNDA:1,lowerNames
FNDA:1,upperNames
FNDA:59,isKeyword
FNDA:1,keywords
FNF:6
FNH:6
BRDA:18,0,0,0
BRDA:22,0,1,59
BRF:2
BRH:1
DA:12,1
DA:13,1
DA:14,1
DA:15,59
DA:16,59
DA:17,59
DA:18,0
DA:19,0
DA:20,59
DA:21,59
DA:22,59
DA:23,1
DA:29,1
DA:30,1
DA:34,1
DA:35,1
DA:36,1
DA:37,1
DA:38,1
DA:39,1
DA:40,1
DA:41,1
DA:42,1
DA:43,1
DA:44,1
DA:45,1
DA:46,1
DA:47,1
DA:48,1
DA:49,1
DA:50,1
DA:51,1
DA:52,1
DA:53,1
DA:54,1
DA:55,1
DA:56,1
DA:57,1
DA:58,1
DA:59,1
DA:60,1
DA:61,1
DA:62,1
DA:63,1
DA:67,1
DA:68,1
DA:69,1
DA:70,1
DA:71,1
DA:72,1
DA:73,1
DA:74,1
DA:75,1
DA:76,1
DA:77,1
DA:78,1
DA:79,1
DA:80,1
DA:81,1
DA:82,1
DA:86,59
DA:87,59
DA:91,1
DA:92,1
DA:93,1
DA:94,1
DA:95,1
DA:96,1
DA:97,1
DA:98,1
DA:99,1
DA:100,1
DA:101,1
DA:102,1
DA:103,1
DA:104,1
DA:105,1
DA:106,1
LF:78
LH:76
end_of_record

TN:
SF:/Users/dillonkearns/src/github.com/dillonkearns/elm-syntax/property-test/script/src/Generate/Expression.elm
FN:15,generator
FN:37,leaf
FN:50,intLiteral
FN:55,floatLiteral
FN:65,stringLiteral
FN:71,charLiteral
FN:77,unitLiteral
FN:82,variableRef
FN:87,recordAccessFn
FN:92,application
FN:100,operatorExpr
FN:109,operator
FN:114,ifExpr
FN:125,caseExpr
FN:145,letExpr
FN:165,lambdaExpr
FN:177,tupleExpr
FN:186,listExpr
FN:195,recordExpr
FN:211,negation
FN:216,parenExpr
FN:225,escapeString
FN:233,escapeChar
FN:246,randomList
FNDA:963,generator
FNDA:1,leaf
FNDA:1,intLiteral
FNDA:1,floatLiteral
FNDA:1,stringLiteral
FNDA:1,charLiteral
FNDA:1,unitLiteral
FNDA:1,variableRef
FNDA:1,recordAccessFn
FNDA:73,application
FNDA:73,operatorExpr
FNDA:1,operator
FNDA:73,ifExpr
FNDA:73,caseExpr
FNDA:73,letExpr
FNDA:73,lambdaExpr
FNDA:73,tupleExpr
FNDA:73,listExpr
FNDA:73,recordExpr
FNDA:73,negation
FNDA:73,parenExpr
FNDA:4,escapeString
FNDA:9,escapeChar
FNDA:55,randomList
FNF:24
FNH:24
BRDA:17,0,0,890
BRDA:20,0,1,73
BRDA:235,0,2,0
BRDA:238,0,3,0
BRDA:241,0,4,9
BRDA:248,0,5,17
BRDA:251,0,6,38
BRF:7
BRH:5
DA:15,963
DA:16,963
DA:17,890
DA:18,963
DA:19,963
DA:20,73
DA:21,73
DA:22,73
DA:23,73
DA:24,73
DA:25,73
DA:26,73
DA:27,73
DA:28,73
DA:29,73
DA:30,73
DA:31,73
DA:32,73
DA:33,73
DA:37,1
DA:38,1
DA:39,1
DA:40,1
DA:41,1
DA:42,1
DA:43,1
DA:44,1
DA:45,1
DA:46,1
DA:50,1
DA:51,1
DA:55,1
DA:56,1
DA:57,3
DA:58,3
DA:59,1
DA:60,1
DA:61,1
DA:65,1
DA:66,1
DA:67,4
DA:71,1
DA:72,1
DA:73,9
DA:77,1
DA:78,1
DA:82,1
DA:83,1
DA:87,1
DA:88,9
DA:92,73
DA:93,73
DA:94,1
DA:95,73
DA:96,73
DA:100,73
DA:101,73
DA:102,4
DA:103,73
DA:104,73
DA:105,73
DA:109,1
DA:110,1
DA:114,73
DA:115,73
DA:116,0
DA:117,0
DA:118,73
DA:119,73
DA:120,73
DA:121,73
DA:125,73
DA:126,73
DA:127,73
DA:128,73
DA:129,73
DA:130,2
DA:131,73
DA:132,73
DA:133,73
DA:134,73
DA:135,1
DA:136,1
DA:137,73
DA:138,73
DA:139,73
DA:140,1
DA:141,73
DA:145,73
DA:146,73
DA:147,73
DA:148,73
DA:149,73
DA:150,10
DA:151,73
DA:152,73
DA:153,73
DA:154,73
DA:155,4
DA:156,4
DA:157,73
DA:158,73
DA:159,4
DA:160,73
DA:161,73
DA:165,73
DA:166,73
DA:167,3
DA:168,3
DA:169,73
DA:170,73
DA:171,3
DA:172,73
DA:173,73
DA:177,73
DA:178,73
DA:179,73
DA:180,4
DA:181,73
DA:182,4
DA:186,73
DA:187,73
DA:188,73
DA:189,2
DA:190,73
DA:191,2
DA:195,73
DA:196,73
DA:197,73
DA:198,3
DA:199,3
DA:200,3
DA:201,8
DA:202,3
DA:203,3
DA:204,3
DA:205,73
DA:206,73
DA:207,3
DA:211,73
DA:212,0
DA:216,73
DA:217,2
DA:225,4
DA:226,4
DA:227,4
DA:228,4
DA:229,4
DA:233,9
DA:234,9
DA:235,0
DA:236,0
DA:237,9
DA:238,0
DA:239,0
DA:240,9
DA:241,9
DA:242,9
DA:246,55
DA:247,55
DA:248,17
DA:249,55
DA:250,55
DA:251,38
LF:164
LH:157
end_of_record

TN:
SF:/Users/dillonkearns/src/github.com/dillonkearns/elm-syntax/property-test/script/src/Generate/TypeAnnotation.elm
FN:13,generator
FN:30,leaf
FN:35,maybeType
FN:40,listType
FN:45,resultType
FN:53,tupleType
FN:60,recordType
FN:75,functionType
FN:87,wrapIfComplex
FN:96,randomList
FNDA:294,generator
FNDA:1,leaf
FNDA:46,maybeType
FNDA:46,listType
FNDA:46,resultType
FNDA:46,tupleType
FNDA:46,recordType
FNDA:46,functionType
FNDA:12,wrapIfComplex
FNDA:6,randomList
FNF:10
FNH:10
BRDA:15,0,0,248
BRDA:18,0,1,46
BRDA:89,0,2,1
BRDA:92,0,3,11
BRDA:98,0,4,2
BRDA:101,0,5,4
BRF:6
BRH:6
DA:13,294
DA:14,294
DA:15,248
DA:16,294
DA:17,294
DA:18,46
DA:19,46
DA:20,46
DA:21,46
DA:22,46
DA:23,46
DA:24,46
DA:25,46
DA:26,46
DA:30,1
DA:31,1
DA:35,46
DA:36,4
DA:40,46
DA:41,0
DA:45,46
DA:46,46
DA:47,4
DA:48,46
DA:49,46
DA:53,46
DA:54,46
DA:55,1
DA:56,1
DA:60,46
DA:61,46
DA:62,46
DA:63,1
DA:64,1
DA:65,1
DA:66,2
DA:67,1
DA:68,1
DA:69,1
DA:70,46
DA:71,1
DA:75,46
DA:76,46
DA:77,3
DA:78,46
DA:79,46
DA:87,12
DA:88,12
DA:89,1
DA:90,12
DA:91,12
DA:92,11
DA:96,6
DA:97,6
DA:98,2
DA:99,6
DA:100,6
DA:101,4
LF:58
LH:57
end_of_record

TN:
SF:/Users/dillonkearns/src/github.com/dillonkearns/elm-syntax/property-test/script/src/Generate/Pattern.elm
FN:13,generator
FN:29,leaf
FN:41,wildcard
FN:46,unitPattern
FN:51,varPattern
FN:56,intPattern
FN:61,stringPattern
FN:67,charPattern
FN:73,tuplePattern
FN:80,consPattern
FN:88,listPattern
FN:95,namedPattern
FN:111,asPattern
FN:123,randomList
FNDA:73,generator
FNDA:1,leaf
FNDA:1,wildcard
FNDA:1,unitPattern
FNDA:1,varPattern
FNDA:1,intPattern
FNDA:1,stringPattern
FNDA:1,charPattern
FNDA:0,tuplePattern
FNDA:0,consPattern
FNDA:0,listPattern
FNDA:0,namedPattern
FNDA:0,asPattern
FNDA:0,randomList
FNF:14
FNH:8
BRDA:15,0,0,73
BRDA:18,0,1,0
BRDA:99,0,2,0
BRDA:102,0,3,0
BRDA:125,0,4,0
BRDA:128,0,5,0
BRF:6
BRH:1
DA:13,73
DA:14,73
DA:15,73
DA:16,73
DA:17,73
DA:18,0
DA:19,0
DA:20,0
DA:21,0
DA:22,0
DA:23,0
DA:24,0
DA:25,0
DA:29,1
DA:30,1
DA:31,1
DA:32,1
DA:33,1
DA:34,1
DA:35,1
DA:36,1
DA:37,1
DA:41,1
DA:42,1
DA:46,1
DA:47,1
DA:51,1
DA:52,1
DA:56,1
DA:57,1
DA:61,1
DA:62,1
DA:63,1
DA:67,1
DA:68,1
DA:69,1
DA:73,0
DA:74,0
DA:75,0
DA:76,0
DA:80,0
DA:81,0
DA:82,0
DA:83,0
DA:84,0
DA:88,0
DA:89,0
DA:90,0
DA:91,0
DA:95,0
DA:96,0
DA:97,0
DA:98,0
DA:99,0
DA:100,0
DA:101,0
DA:102,0
DA:103,0
DA:104,0
DA:105,0
DA:106,0
DA:107,0
DA:111,0
DA:112,0
DA:113,0
DA:114,0
DA:115,0
DA:123,0
DA:124,0
DA:125,0
DA:126,0
DA:127,0
DA:128,0
LF:73
LH:28
end_of_record

TN:
SF:/Users/dillonkearns/src/github.com/dillonkearns/elm-syntax/property-test/script/src/Generate/Module.elm
FN:14,generator
FN:28,randomList
FNDA:5,generator
FNDA:18,randomList
FNF:2
FNH:2
BRDA:30,0,0,5
BRDA:33,0,1,13
BRF:2
BRH:2
DA:14,5
DA:15,5
DA:16,5
DA:17,5
DA:18,5
DA:19,5
DA:20,5
DA:28,18
DA:29,18
DA:30,5
DA:31,18
DA:32,18
DA:33,13
LF:13
LH:13
end_of_record

TN:
SF:/Users/dillonkearns/src/github.com/dillonkearns/elm-syntax/property-test/script/src/Generate/Declaration.elm
FN:15,generator
FN:24,functionDecl
FN:67,typeAliasDecl
FN:88,customTypeDecl
FN:123,variantDecl
FN:156,randomList
FNDA:5,generator
FNDA:5,functionDecl
FNDA:5,typeAliasDecl
FNDA:5,customTypeDecl
FNDA:3,variantDecl
FNDA:45,randomList
FNF:6
FNH:6
BRDA:30,0,0,6
BRDA:33,0,1,3
BRDA:38,0,2,3
BRDA:41,0,3,6
BRDA:56,0,4,6
BRDA:59,0,5,3
BRDA:73,0,6,0
BRDA:76,0,7,1
BRDA:94,0,8,2
BRDA:97,0,9,1
BRDA:104,0,10,3
BRDA:107,0,11,2
BRDA:127,0,12,2
BRDA:130,0,13,3
BRDA:141,0,14,3
BRDA:144,0,15,4
BRDA:158,0,16,21
BRDA:161,0,17,24
BRF:18
BRH:17
DA:15,5
DA:16,5
DA:17,5
DA:18,5
DA:19,5
DA:20,5
DA:24,5
DA:25,5
DA:26,9
DA:27,9
DA:28,9
DA:29,9
DA:30,6
DA:31,6
DA:32,9
DA:33,3
DA:34,3
DA:35,9
DA:36,9
DA:37,9
DA:38,3
DA:39,9
DA:40,9
DA:41,6
DA:42,9
DA:43,9
DA:44,5
DA:45,5
DA:46,5
DA:47,5
DA:48,9
DA:49,5
DA:50,5
DA:51,5
DA:52,5
DA:53,5
DA:54,9
DA:55,9
DA:56,6
DA:57,9
DA:58,9
DA:59,3
DA:60,5
DA:61,5
DA:62,5
DA:63,5
DA:67,5
DA:68,5
DA:69,1
DA:70,1
DA:71,1
DA:72,1
DA:73,0
DA:74,1
DA:75,1
DA:76,1
DA:77,1
DA:78,1
DA:79,5
DA:80,5
DA:81,5
DA:82,1
DA:83,5
DA:84,5
DA:88,5
DA:89,5
DA:90,3
DA:91,3
DA:92,3
DA:93,3
DA:94,2
DA:95,3
DA:96,3
DA:97,1
DA:98,3
DA:99,3
DA:100,3
DA:101,3
DA:102,5
DA:103,5
DA:104,3
DA:105,5
DA:106,5
DA:107,2
DA:108,3
DA:109,3
DA:110,3
DA:111,3
DA:112,5
DA:113,5
DA:114,5
DA:115,3
DA:116,5
DA:117,5
DA:118,3
DA:119,5
DA:123,3
DA:124,3
DA:125,5
DA:126,5
DA:127,2
DA:128,5
DA:129,5
DA:130,3
DA:131,3
DA:132,3
DA:133,3
DA:134,3
DA:135,5
DA:136,5
DA:137,5
DA:138,5
DA:139,7
DA:140,7
DA:141,3
DA:142,7
DA:143,7
DA:144,4
DA:145,5
DA:146,5
DA:147,3
DA:148,3
DA:156,45
DA:157,45
DA:158,21
DA:159,45
DA:160,45
DA:161,24
LF:128
LH:127
end_of_record
