TN:
SF:/Users/dillonkearns/src/github.com/dillonkearns/elm-syntax/property-test/script/src/Canonical/FromElmSyntaxJson.elm
FN:23,decoder
FN:32,moduleNameDecoder
FN:45,nodeDecoder
FN:50,declarationDecoder
FN:76,functionDecoder
FN:112,functionImplDecoder
FN:119,typeAliasDecoder_
FN:134,customTypeDecoder_
FN:149,constructorDecoder_
FN:156,portDecoder_
FN:169,destructuringDecoder
FN:180,expressionDecoder_
FN:366,operatorApplicationDecoder
FN:377,letDeclarationDecoder_
FN:422,patternDecoder_
FN:511,typeAnnotationDecoder_
FNDA:0,decoder
FNDA:0,moduleNameDecoder
FNDA:0,nodeDecoder
FNDA:0,declarationDecoder
FNDA:0,functionDecoder
FNDA:0,functionImplDecoder
FNDA:0,typeAliasDecoder_
FNDA:0,customTypeDecoder_
FNDA:0,constructorDecoder_
FNDA:0,portDecoder_
FNDA:0,destructuringDecoder
FNDA:0,expressionDecoder_
FNDA:0,operatorApplicationDecoder
FNDA:0,letDeclarationDecoder_
FNDA:0,patternDecoder_
FNDA:0,typeAnnotationDecoder_
FNF:16
FNH:0
BRDA:55,0,0,0
BRDA:58,0,1,0
BRDA:61,0,2,0
BRDA:64,0,3,0
BRDA:67,0,4,0
BRDA:70,0,5,0
BRDA:185,0,6,0
BRDA:188,0,7,0
BRDA:193,0,8,0
BRDA:196,0,9,0
BRDA:203,0,10,0
BRDA:211,0,11,0
BRDA:214,0,12,0
BRDA:217,0,13,0
BRDA:220,0,14,0
BRDA:223,0,15,0
BRDA:226,0,16,0
BRDA:229,0,17,0
BRDA:234,0,18,0
BRDA:242,0,19,0
BRDA:245,0,20,0
BRDA:237,0,21,0
BRDA:249,0,22,0
BRDA:255,0,23,0
BRDA:259,0,24,0
BRDA:270,0,25,0
BRDA:286,0,26,0
BRDA:297,0,27,0
BRDA:309,0,28,0
BRDA:314,0,29,0
BRDA:321,0,30,0
BRDA:329,0,31,0
BRDA:341,0,32,0
BRDA:357,0,33,0
BRDA:360,0,34,0
BRDA:382,0,35,0
BRDA:405,0,36,0
BRDA:412,0,37,0
BRDA:427,0,38,0
BRDA:430,0,39,0
BRDA:438,0,40,0
BRDA:441,0,41,0
BRDA:433,0,42,0
BRDA:445,0,43,0
BRDA:448,0,44,0
BRDA:451,0,45,0
BRDA:454,0,46,0
BRDA:457,0,47,0
BRDA:462,0,48,0
BRDA:467,0,49,0
BRDA:474,0,50,0
BRDA:479,0,51,0
BRDA:482,0,52,0
BRDA:490,0,53,0
BRDA:497,0,54,0
BRDA:501,0,55,0
BRDA:516,0,56,0
BRDA:519,0,57,0
BRDA:533,0,58,0
BRDA:536,0,59,0
BRDA:543,0,60,0
BRDA:557,0,61,0
BRDA:575,0,62,0
BRDA:582,0,63,0
BRF:64
BRH:0
DA:23,0
DA:24,0
DA:25,0
DA:26,0
DA:27,0
DA:28,0
DA:32,0
DA:33,0
DA:34,0
DA:35,0
DA:36,0
DA:37,0
DA:38,0
DA:39,0
DA:45,0
DA:46,0
DA:50,0
DA:51,0
DA:52,0
DA:53,0
DA:54,0
DA:55,0
DA:56,0
DA:57,0
DA:58,0
DA:59,0
DA:60,0
DA:61,0
DA:62,0
DA:63,0
DA:64,0
DA:65,0
DA:66,0
DA:67,0
DA:68,0
DA:69,0
DA:70,0
DA:71,0
DA:72,0
DA:76,0
DA:77,0
DA:78,0
DA:79,0
DA:80,0
DA:81,0
DA:82,0
DA:83,0
DA:84,0
DA:85,0
DA:86,0
DA:87,0
DA:88,0
DA:89,0
DA:90,0
DA:91,0
DA:92,0
DA:93,0
DA:94,0
DA:95,0
DA:96,0
DA:97,0
DA:98,0
DA:99,0
DA:100,0
DA:101,0
DA:102,0
DA:112,0
DA:113,0
DA:114,0
DA:115,0
DA:119,0
DA:120,0
DA:121,0
DA:122,0
DA:123,0
DA:124,0
DA:125,0
DA:126,0
DA:127,0
DA:128,0
DA:129,0
DA:130,0
DA:134,0
DA:135,0
DA:136,0
DA:137,0
DA:138,0
DA:139,0
DA:140,0
DA:141,0
DA:142,0
DA:143,0
DA:144,0
DA:145,0
DA:149,0
DA:150,0
DA:151,0
DA:152,0
DA:156,0
DA:157,0
DA:158,0
DA:159,0
DA:160,0
DA:161,0
DA:162,0
DA:163,0
DA:164,0
DA:165,0
DA:169,0
DA:170,0
DA:171,0
DA:172,0
DA:180,0
DA:181,0
DA:182,0
DA:183,0
DA:184,0
DA:185,0
DA:186,0
DA:187,0
DA:188,0
DA:189,0
DA:190,0
DA:191,0
DA:192,0
DA:193,0
DA:194,0
DA:195,0
DA:196,0
DA:197,0
DA:198,0
DA:199,0
DA:200,0
DA:201,0
DA:202,0
DA:203,0
DA:204,0
DA:205,0
DA:206,0
DA:207,0
DA:208,0
DA:209,0
DA:210,0
DA:211,0
DA:212,0
DA:213,0
DA:214,0
DA:215,0
DA:216,0
DA:217,0
DA:218,0
DA:219,0
DA:220,0
DA:221,0
DA:222,0
DA:223,0
DA:224,0
DA:225,0
DA:226,0
DA:227,0
DA:228,0
DA:229,0
DA:230,0
DA:231,0
DA:232,0
DA:233,0
DA:234,0
DA:235,0
DA:236,0
DA:237,0
DA:238,0
DA:239,0
DA:240,0
DA:241,0
DA:242,0
DA:243,0
DA:244,0
DA:245,0
DA:246,0
DA:247,0
DA:248,0
DA:249,0
DA:250,0
DA:251,0
DA:252,0
DA:253,0
DA:254,0
DA:255,0
DA:256,0
DA:257,0
DA:258,0
DA:259,0
DA:260,0
DA:261,0
DA:262,0
DA:263,0
DA:264,0
DA:265,0
DA:266,0
DA:267,0
DA:268,0
DA:269,0
DA:270,0
DA:271,0
DA:272,0
DA:273,0
DA:274,0
DA:275,0
DA:276,0
DA:277,0
DA:278,0
DA:279,0
DA:280,0
DA:281,0
DA:282,0
DA:283,0
DA:284,0
DA:285,0
DA:286,0
DA:287,0
DA:288,0
DA:289,0
DA:290,0
DA:291,0
DA:292,0
DA:293,0
DA:294,0
DA:295,0
DA:296,0
DA:297,0
DA:298,0
DA:299,0
DA:300,0
DA:301,0
DA:302,0
DA:303,0
DA:304,0
DA:305,0
DA:306,0
DA:307,0
DA:308,0
DA:309,0
DA:310,0
DA:311,0
DA:312,0
DA:313,0
DA:314,0
DA:315,0
DA:316,0
DA:317,0
DA:318,0
DA:319,0
DA:320,0
DA:321,0
DA:322,0
DA:323,0
DA:324,0
DA:325,0
DA:326,0
DA:327,0
DA:328,0
DA:329,0
DA:330,0
DA:331,0
DA:332,0
DA:333,0
DA:334,0
DA:335,0
DA:336,0
DA:337,0
DA:338,0
DA:339,0
DA:340,0
DA:341,0
DA:342,0
DA:343,0
DA:344,0
DA:345,0
DA:346,0
DA:347,0
DA:348,0
DA:349,0
DA:350,0
DA:351,0
DA:352,0
DA:353,0
DA:354,0
DA:355,0
DA:356,0
DA:357,0
DA:358,0
DA:359,0
DA:360,0
DA:361,0
DA:362,0
DA:366,0
DA:367,0
DA:368,0
DA:369,0
DA:370,0
DA:371,0
DA:372,0
DA:373,0
DA:377,0
DA:378,0
DA:379,0
DA:380,0
DA:381,0
DA:382,0
DA:383,0
DA:384,0
DA:385,0
DA:386,0
DA:387,0
DA:388,0
DA:389,0
DA:390,0
DA:391,0
DA:392,0
DA:393,0
DA:394,0
DA:395,0
DA:396,0
DA:397,0
DA:398,0
DA:399,0
DA:400,0
DA:401,0
DA:402,0
DA:403,0
DA:404,0
DA:405,0
DA:406,0
DA:407,0
DA:408,0
DA:409,0
DA:410,0
DA:411,0
DA:412,0
DA:413,0
DA:414,0
DA:422,0
DA:423,0
DA:424,0
DA:425,0
DA:426,0
DA:427,0
DA:428,0
DA:429,0
DA:430,0
DA:431,0
DA:432,0
DA:433,0
DA:434,0
DA:435,0
DA:436,0
DA:437,0
DA:438,0
DA:439,0
DA:440,0
DA:441,0
DA:442,0
DA:443,0
DA:444,0
DA:445,0
DA:446,0
DA:447,0
DA:448,0
DA:449,0
DA:450,0
DA:451,0
DA:452,0
DA:453,0
DA:454,0
DA:455,0
DA:456,0
DA:457,0
DA:458,0
DA:459,0
DA:460,0
DA:461,0
DA:462,0
DA:463,0
DA:464,0
DA:465,0
DA:466,0
DA:467,0
DA:468,0
DA:469,0
DA:470,0
DA:471,0
DA:472,0
DA:473,0
DA:474,0
DA:475,0
DA:476,0
DA:477,0
DA:478,0
DA:479,0
DA:480,0
DA:481,0
DA:482,0
DA:483,0
DA:484,0
DA:485,0
DA:486,0
DA:487,0
DA:488,0
DA:489,0
DA:490,0
DA:491,0
DA:492,0
DA:493,0
DA:494,0
DA:495,0
DA:496,0
DA:497,0
DA:498,0
DA:499,0
DA:500,0
DA:501,0
DA:502,0
DA:503,0
DA:511,0
DA:512,0
DA:513,0
DA:514,0
DA:515,0
DA:516,0
DA:517,0
DA:518,0
DA:519,0
DA:520,0
DA:521,0
DA:522,0
DA:523,0
DA:524,0
DA:525,0
DA:526,0
DA:527,0
DA:528,0
DA:529,0
DA:530,0
DA:531,0
DA:532,0
DA:533,0
DA:534,0
DA:535,0
DA:536,0
DA:537,0
DA:538,0
DA:539,0
DA:540,0
DA:541,0
DA:542,0
DA:543,0
DA:544,0
DA:545,0
DA:546,0
DA:547,0
DA:548,0
DA:549,0
DA:550,0
DA:551,0
DA:552,0
DA:553,0
DA:554,0
DA:555,0
DA:556,0
DA:557,0
DA:558,0
DA:559,0
DA:560,0
DA:561,0
DA:562,0
DA:563,0
DA:564,0
DA:565,0
DA:566,0
DA:567,0
DA:568,0
DA:569,0
DA:570,0
DA:571,0
DA:572,0
DA:573,0
DA:574,0
DA:575,0
DA:576,0
DA:577,0
DA:578,0
DA:579,0
DA:580,0
DA:581,0
DA:582,0
DA:583,0
DA:584,0
LF:497
LH:0
end_of_record

TN:
SF:/Users/dillonkearns/src/github.com/dillonkearns/elm-syntax/property-test/script/src/Canonical/Encode.elm
FN:8,encodeFile
FN:16,encodeDeclaration
FN:57,encodeFunctionDef
FN:74,encodeExpression
FN:201,encodeLetDeclaration
FN:216,encodePattern
FN:275,encodeTypeAnnotation
FN:316,encodeRecordField
FN:324,encodeConstructor
FN:332,tagged
FNDA:4,encodeFile
FNDA:4,encodeDeclaration
FNDA:8,encodeFunctionDef
FNDA:35,encodeExpression
FNDA:4,encodeLetDeclaration
FNDA:0,encodePattern
FNDA:0,encodeTypeAnnotation
FNDA:0,encodeRecordField
FNDA:0,encodeConstructor
FNDA:43,tagged
FNF:10
FNH:6
BRDA:18,0,0,4
BRDA:21,0,1,0
BRDA:30,0,2,0
BRDA:39,0,3,0
BRDA:47,0,4,0
BRDA:62,0,5,0
BRDA:65,0,6,8
BRDA:76,0,7,2
BRDA:79,0,8,1
BRDA:82,0,9,3
BRDA:90,0,10,2
BRDA:99,0,11,1
BRDA:102,0,12,4
BRDA:105,0,13,6
BRDA:108,0,14,0
BRDA:111,0,15,4
BRDA:114,0,16,0
BRDA:117,0,17,4
BRDA:120,0,18,0
BRDA:123,0,19,2
BRDA:131,0,20,0
BRDA:148,0,21,0
BRDA:156,0,22,0
BRDA:168,0,23,1
BRDA:176,0,24,3
BRDA:179,0,25,2
BRDA:196,0,26,0
BRDA:203,0,27,4
BRDA:206,0,28,0
BRDA:218,0,29,0
BRDA:221,0,30,0
BRDA:224,0,31,0
BRDA:227,0,32,0
BRDA:230,0,33,0
BRDA:233,0,34,0
BRDA:236,0,35,0
BRDA:239,0,36,0
BRDA:242,0,37,0
BRDA:250,0,38,0
BRDA:253,0,39,0
BRDA:256,0,40,0
BRDA:265,0,41,0
BRDA:277,0,42,0
BRDA:280,0,43,0
BRDA:289,0,44,0
BRDA:292,0,45,0
BRDA:295,0,46,0
BRDA:298,0,47,0
BRDA:306,0,48,0
BRF:49
BRH:16
DA:8,4
DA:9,4
DA:10,4
DA:11,4
DA:12,4
DA:16,4
DA:17,4
DA:18,4
DA:19,4
DA:20,4
DA:21,0
DA:22,0
DA:23,0
DA:24,0
DA:25,0
DA:26,0
DA:27,0
DA:28,0
DA:29,4
DA:30,0
DA:31,0
DA:32,0
DA:33,0
DA:34,0
DA:35,0
DA:36,0
DA:37,0
DA:38,4
DA:39,0
DA:40,0
DA:41,0
DA:42,0
DA:43,0
DA:44,0
DA:45,0
DA:46,4
DA:47,0
DA:48,0
DA:49,0
DA:50,0
DA:51,0
DA:52,0
DA:53,0
DA:57,8
DA:58,8
DA:59,8
DA:60,8
DA:61,8
DA:62,0
DA:63,0
DA:64,8
DA:65,8
DA:66,8
DA:67,8
DA:68,8
DA:69,8
DA:70,8
DA:74,35
DA:75,35
DA:76,2
DA:77,2
DA:78,35
DA:79,1
DA:80,1
DA:81,35
DA:82,3
DA:83,3
DA:84,3
DA:85,3
DA:86,3
DA:87,3
DA:88,3
DA:89,35
DA:90,2
DA:91,2
DA:92,2
DA:93,2
DA:94,2
DA:95,2
DA:96,2
DA:97,2
DA:98,35
DA:99,1
DA:100,1
DA:101,35
DA:102,4
DA:103,4
DA:104,35
DA:105,6
DA:106,6
DA:107,35
DA:108,0
DA:109,0
DA:110,35
DA:111,4
DA:112,4
DA:113,35
DA:114,0
DA:115,0
DA:116,35
DA:117,4
DA:118,4
DA:119,35
DA:120,0
DA:121,0
DA:122,35
DA:123,2
DA:124,2
DA:125,2
DA:126,2
DA:127,2
DA:128,2
DA:129,2
DA:130,35
DA:131,0
DA:132,0
DA:133,0
DA:134,0
DA:135,0
DA:136,0
DA:137,0
DA:138,0
DA:139,0
DA:140,0
DA:141,0
DA:142,0
DA:143,0
DA:144,0
DA:145,0
DA:146,0
DA:147,35
DA:148,0
DA:149,0
DA:150,0
DA:151,0
DA:152,0
DA:153,0
DA:154,0
DA:155,35
DA:156,0
DA:157,0
DA:158,0
DA:159,0
DA:160,0
DA:161,0
DA:162,0
DA:163,0
DA:164,0
DA:165,0
DA:166,0
DA:167,35
DA:168,1
DA:169,1
DA:170,1
DA:171,1
DA:172,1
DA:173,1
DA:174,1
DA:175,35
DA:176,3
DA:177,3
DA:178,35
DA:179,2
DA:180,2
DA:181,2
DA:182,2
DA:183,2
DA:184,2
DA:185,6
DA:186,6
DA:187,6
DA:188,6
DA:189,6
DA:190,2
DA:191,2
DA:192,2
DA:193,2
DA:194,2
DA:195,35
DA:196,0
DA:197,0
DA:201,4
DA:202,4
DA:203,4
DA:204,4
DA:205,4
DA:206,0
DA:207,0
DA:208,0
DA:209,0
DA:210,0
DA:211,0
DA:212,0
DA:216,0
DA:217,0
DA:218,0
DA:219,0
DA:220,0
DA:221,0
DA:222,0
DA:223,0
DA:224,0
DA:225,0
DA:226,0
DA:227,0
DA:228,0
DA:229,0
DA:230,0
DA:231,0
DA:232,0
DA:233,0
DA:234,0
DA:235,0
DA:236,0
DA:237,0
DA:238,0
DA:239,0
DA:240,0
DA:241,0
DA:242,0
DA:243,0
DA:244,0
DA:245,0
DA:246,0
DA:247,0
DA:248,0
DA:249,0
DA:250,0
DA:251,0
DA:252,0
DA:253,0
DA:254,0
DA:255,0
DA:256,0
DA:257,0
DA:258,0
DA:259,0
DA:260,0
DA:261,0
DA:262,0
DA:263,0
DA:264,0
DA:265,0
DA:266,0
DA:267,0
DA:268,0
DA:269,0
DA:270,0
DA:271,0
DA:275,0
DA:276,0
DA:277,0
DA:278,0
DA:279,0
DA:280,0
DA:281,0
DA:282,0
DA:283,0
DA:284,0
DA:285,0
DA:286,0
DA:287,0
DA:288,0
DA:289,0
DA:290,0
DA:291,0
DA:292,0
DA:293,0
DA:294,0
DA:295,0
DA:296,0
DA:297,0
DA:298,0
DA:299,0
DA:300,0
DA:301,0
DA:302,0
DA:303,0
DA:304,0
DA:305,0
DA:306,0
DA:307,0
DA:308,0
DA:309,0
DA:310,0
DA:311,0
DA:312,0
DA:316,0
DA:317,0
DA:318,0
DA:319,0
DA:320,0
DA:324,0
DA:325,0
DA:326,0
DA:327,0
DA:328,0
DA:332,43
DA:333,43
DA:334,43
DA:335,43
DA:336,43
LF:302
LH:117
end_of_record

TN:
SF:/Users/dillonkearns/src/github.com/dillonkearns/elm-syntax/property-test/script/src/Canonical/FromElmSyntax.elm
FN:20,fromFile
FN:27,extractModuleName
FN:40,fromDeclaration
FN:90,fromFunction
FN:108,fromExpression
FN:211,fromLetDeclaration
FN:221,fromPattern
FN:270,fromTypeAnnotation
FNDA:34,fromFile
FNDA:34,extractModuleName
FNDA:90,fromDeclaration
FNDA:22,fromFunction
FNDA:74,fromExpression
FNDA:9,fromLetDeclaration
FNDA:44,fromPattern
FNDA:492,fromTypeAnnotation
FNF:8
FNH:8
BRDA:29,0,0,15
BRDA:32,0,1,19
BRDA:35,0,2,0
BRDA:42,0,3,13
BRDA:45,0,4,29
BRDA:54,0,5,19
BRDA:70,0,6,29
BRDA:78,0,7,0
BRDA:85,0,8,0
BRDA:110,0,9,7
BRDA:113,0,10,1
BRDA:116,0,11,2
BRDA:123,0,12,6
BRDA:126,0,13,2
BRDA:129,0,14,7
BRDA:132,0,15,0
BRDA:135,0,16,0
BRDA:138,0,17,6
BRDA:141,0,18,6
BRDA:144,0,19,1
BRDA:147,0,20,6
BRDA:150,0,21,8
BRDA:153,0,22,3
BRDA:156,0,23,0
BRDA:159,0,24,4
BRDA:164,0,25,3
BRDA:174,0,26,1
BRDA:179,0,27,2
BRDA:188,0,28,0
BRDA:191,0,29,1
BRDA:194,0,30,4
BRDA:197,0,31,4
BRDA:206,0,32,0
BRDA:213,0,33,9
BRDA:216,0,34,0
BRDA:223,0,35,1
BRDA:226,0,36,2
BRDA:229,0,37,3
BRDA:232,0,38,1
BRDA:235,0,39,4
BRDA:238,0,40,0
BRDA:241,0,41,0
BRDA:244,0,42,1
BRDA:247,0,43,0
BRDA:250,0,44,2
BRDA:253,0,45,0
BRDA:256,0,46,26
BRDA:259,0,47,1
BRDA:262,0,48,1
BRDA:265,0,49,2
BRDA:272,0,50,132
BRDA:275,0,51,218
BRDA:278,0,52,33
BRDA:281,0,53,29
BRDA:284,0,54,32
BRDA:293,0,55,27
BRDA:302,0,56,21
BRF:57
BRH:44
DA:20,34
DA:21,34
DA:22,34
DA:23,34
DA:27,34
DA:28,34
DA:29,15
DA:30,15
DA:31,34
DA:32,19
DA:33,19
DA:34,34
DA:35,0
DA:36,0
DA:40,90
DA:41,90
DA:42,13
DA:43,13
DA:44,90
DA:45,29
DA:46,29
DA:47,29
DA:48,29
DA:49,29
DA:50,29
DA:51,29
DA:52,29
DA:53,90
DA:54,19
DA:55,19
DA:56,19
DA:57,19
DA:58,19
DA:59,19
DA:60,19
DA:61,45
DA:62,45
DA:63,45
DA:64,45
DA:65,19
DA:66,19
DA:67,19
DA:68,19
DA:69,90
DA:70,29
DA:71,29
DA:72,29
DA:73,29
DA:74,29
DA:75,29
DA:76,29
DA:77,90
DA:78,0
DA:79,0
DA:80,0
DA:81,0
DA:82,0
DA:83,0
DA:84,90
DA:85,0
DA:86,0
DA:90,22
DA:91,22
DA:92,22
DA:93,22
DA:94,22
DA:95,22
DA:96,22
DA:97,22
DA:98,22
DA:99,1
DA:100,1
DA:101,22
DA:102,22
DA:103,22
DA:104,22
DA:108,74
DA:109,74
DA:110,7
DA:111,7
DA:112,74
DA:113,1
DA:114,1
DA:115,74
DA:116,2
DA:117,2
DA:118,2
DA:119,2
DA:120,2
DA:121,2
DA:122,74
DA:123,6
DA:124,6
DA:125,74
DA:126,2
DA:127,2
DA:128,74
DA:129,7
DA:130,7
DA:131,74
DA:132,0
DA:133,0
DA:134,74
DA:135,0
DA:136,0
DA:137,74
DA:138,6
DA:139,6
DA:140,74
DA:141,6
DA:142,6
DA:143,74
DA:144,1
DA:145,1
DA:146,74
DA:147,6
DA:148,6
DA:149,74
DA:150,8
DA:151,8
DA:152,74
DA:153,3
DA:154,3
DA:155,74
DA:156,0
DA:157,0
DA:158,74
DA:159,4
DA:160,4
DA:161,4
DA:162,4
DA:163,74
DA:164,3
DA:165,3
DA:166,3
DA:167,3
DA:168,7
DA:169,7
DA:170,3
DA:171,3
DA:172,3
DA:173,74
DA:174,1
DA:175,1
DA:176,1
DA:177,1
DA:178,74
DA:179,2
DA:180,2
DA:181,2
DA:182,6
DA:183,6
DA:184,2
DA:185,2
DA:186,2
DA:187,74
DA:188,0
DA:189,0
DA:190,74
DA:191,1
DA:192,1
DA:193,74
DA:194,4
DA:195,4
DA:196,74
DA:197,4
DA:198,4
DA:199,4
DA:200,9
DA:201,9
DA:202,4
DA:203,4
DA:204,4
DA:205,74
DA:206,0
DA:207,0
DA:211,9
DA:212,9
DA:213,9
DA:214,9
DA:215,9
DA:216,0
DA:217,0
DA:221,44
DA:222,44
DA:223,1
DA:224,1
DA:225,44
DA:226,2
DA:227,2
DA:228,44
DA:229,3
DA:230,3
DA:231,44
DA:232,1
DA:233,1
DA:234,44
DA:235,4
DA:236,4
DA:237,44
DA:238,0
DA:239,0
DA:240,44
DA:241,0
DA:242,0
DA:243,44
DA:244,1
DA:245,1
DA:246,44
DA:247,0
DA:248,0
DA:249,44
DA:250,2
DA:251,2
DA:252,44
DA:253,0
DA:254,0
DA:255,44
DA:256,26
DA:257,26
DA:258,44
DA:259,1
DA:260,1
DA:261,44
DA:262,1
DA:263,1
DA:264,44
DA:265,2
DA:266,2
DA:270,492
DA:271,492
DA:272,132
DA:273,132
DA:274,492
DA:275,218
DA:276,218
DA:277,492
DA:278,33
DA:279,33
DA:280,492
DA:281,29
DA:282,29
DA:283,492
DA:284,32
DA:285,32
DA:286,32
DA:287,80
DA:288,80
DA:289,32
DA:290,32
DA:291,32
DA:292,492
DA:293,27
DA:294,27
DA:295,27
DA:296,55
DA:297,55
DA:298,27
DA:299,27
DA:300,27
DA:301,492
DA:302,21
DA:303,21
LF:263
LH:233
end_of_record

TN:
SF:/Users/dillonkearns/src/github.com/dillonkearns/elm-syntax/property-test/script/src/Canonical/Diff.elm
FN:20,diff
FN:33,diffModuleName
FN:46,diffDeclarationLists
FN:64,diffDeclaration
FN:96,diffFunctionDef
FN:103,diffExpression
FN:116,diffPattern
FN:129,diffTypeAnnotation
FN:142,diffPatternLists
FN:160,diffConstructorLists
FN:183,diffTypeAnnotationLists
FN:201,diffString
FN:210,diffStringLists
FN:227,exprEq
FN:232,patEq
FN:237,typeEq
FN:246,declKind
FN:265,showPattern
FN:276,showType
FN:287,formatDiff
FN:303,normalizeFile
FN:313,isPortDeclaration
FN:323,normalizeDeclaration
FN:348,normalizeFunctionDef
FN:356,normalizeExpression
FN:429,normalizeLetDecl
FN:439,normalizePattern
FN:461,normalizeTypeAnnotation
FN:493,deduplicateKeepLast
FNDA:31,diff
FNDA:31,diffModuleName
FNDA:31,diffDeclarationLists
FNDA:53,diffDeclaration
FNDA:8,diffFunctionDef
FNDA:8,diffExpression
FNDA:13,diffPattern
FNDA:85,diffTypeAnnotation
FNDA:8,diffPatternLists
FNDA:17,diffConstructorLists
FNDA:41,diffTypeAnnotationLists
FNDA:94,diffString
FNDA:45,diffStringLists
FNDA:8,exprEq
FNDA:13,patEq
FNDA:85,typeEq
FNDA:0,declKind
FNDA:0,showPattern
FNDA:0,showType
FNDA:4,formatDiff
FNDA:62,normalizeFile
FNDA:160,isPortDeclaration
FNDA:106,normalizeDeclaration
FNDA:24,normalizeFunctionDef
FNDA:99,normalizeExpression
FNDA:8,normalizeLetDecl
FNDA:32,normalizePattern
FNDA:616,normalizeTypeAnnotation
FNDA:74,deduplicateKeepLast
FNF:29
FNH:26
BRDA:35,0,0,31
BRDA:38,0,1,0
BRDA:48,0,2,0
BRDA:55,0,3,31
BRDA:66,0,4,8
BRDA:69,0,5,28
BRDA:74,0,6,17
BRDA:79,0,7,0
BRDA:83,0,8,0
BRDA:87,0,9,0
BRDA:105,0,10,6
BRDA:108,0,11,2
BRDA:118,0,12,13
BRDA:121,0,13,0
BRDA:131,0,14,85
BRDA:134,0,15,0
BRDA:144,0,16,0
BRDA:151,0,17,8
BRDA:162,0,18,0
BRDA:169,0,19,17
BRDA:185,0,20,0
BRDA:192,0,21,41
BRDA:203,0,22,94
BRDA:206,0,23,0
BRDA:212,0,24,45
BRDA:215,0,25,0
BRDA:248,0,26,0
BRDA:251,0,27,0
BRDA:254,0,28,0
BRDA:257,0,29,0
BRDA:260,0,30,0
BRDA:315,0,31,54
BRDA:318,0,32,106
BRDA:325,0,33,16
BRDA:328,0,34,56
BRDA:331,0,35,34
BRDA:340,0,36,0
BRDA:343,0,37,0
BRDA:360,0,38,0
BRDA:363,0,39,0
BRDA:368,0,40,2
BRDA:376,0,41,1
BRDA:380,0,42,2
BRDA:388,0,43,8
BRDA:396,0,44,5
BRDA:399,0,45,2
BRDA:402,0,46,1
BRDA:405,0,47,6
BRDA:408,0,48,0
BRDA:411,0,49,4
BRDA:414,0,50,0
BRDA:418,0,51,2
BRDA:421,0,52,1
BRDA:424,0,53,65
BRDA:431,0,54,8
BRDA:434,0,55,0
BRDA:441,0,56,0
BRDA:444,0,57,0
BRDA:447,0,58,0
BRDA:450,0,59,0
BRDA:453,0,60,0
BRDA:456,0,61,32
BRDA:463,0,62,287
BRDA:466,0,63,38
BRDA:469,0,64,40
BRDA:476,0,65,32
BRDA:483,0,66,22
BRDA:486,0,67,197
BRDA:499,0,68,4
BRDA:502,0,69,162
BRF:70
BRH:41
DA:20,31
DA:21,31
DA:22,31
DA:23,31
DA:24,31
DA:25,31
DA:26,31
DA:27,31
DA:28,31
DA:29,31
DA:33,31
DA:34,31
DA:35,31
DA:36,31
DA:37,31
DA:38,0
DA:39,0
DA:40,0
DA:41,0
DA:42,0
DA:46,31
DA:47,31
DA:48,0
DA:49,0
DA:50,0
DA:51,0
DA:52,0
DA:53,31
DA:54,31
DA:55,31
DA:56,53
DA:57,53
DA:58,31
DA:59,31
DA:60,31
DA:64,53
DA:65,53
DA:66,8
DA:67,8
DA:68,53
DA:69,28
DA:70,28
DA:71,28
DA:72,28
DA:73,53
DA:74,17
DA:75,17
DA:76,17
DA:77,17
DA:78,53
DA:79,0
DA:80,0
DA:81,0
DA:82,53
DA:83,0
DA:84,0
DA:85,0
DA:86,53
DA:87,0
DA:88,0
DA:89,0
DA:90,0
DA:91,0
DA:92,0
DA:96,8
DA:97,8
DA:98,8
DA:99,8
DA:103,8
DA:104,8
DA:105,6
DA:106,8
DA:107,8
DA:108,2
DA:109,2
DA:110,2
DA:111,2
DA:112,2
DA:116,13
DA:117,13
DA:118,13
DA:119,13
DA:120,13
DA:121,0
DA:122,0
DA:123,0
DA:124,0
DA:125,0
DA:129,85
DA:130,85
DA:131,85
DA:132,85
DA:133,85
DA:134,0
DA:135,0
DA:136,0
DA:137,0
DA:138,0
DA:142,8
DA:143,8
DA:144,0
DA:145,0
DA:146,0
DA:147,0
DA:148,0
DA:149,8
DA:150,8
DA:151,8
DA:152,13
DA:153,13
DA:154,8
DA:155,8
DA:156,8
DA:160,17
DA:161,17
DA:162,0
DA:163,0
DA:164,0
DA:165,0
DA:166,0
DA:167,17
DA:168,17
DA:169,17
DA:170,41
DA:171,41
DA:172,41
DA:173,41
DA:174,41
DA:175,41
DA:176,41
DA:177,17
DA:178,17
DA:179,17
DA:183,41
DA:184,41
DA:185,0
DA:186,0
DA:187,0
DA:188,0
DA:189,0
DA:190,41
DA:191,41
DA:192,41
DA:193,57
DA:194,57
DA:195,41
DA:196,41
DA:197,41
DA:201,94
DA:202,94
DA:203,94
DA:204,94
DA:205,94
DA:206,0
DA:210,45
DA:211,45
DA:212,45
DA:213,45
DA:214,45
DA:215,0
DA:216,0
DA:217,0
DA:218,0
DA:219,0
DA:227,8
DA:228,8
DA:232,13
DA:233,13
DA:237,85
DA:238,85
DA:246,0
DA:247,0
DA:248,0
DA:249,0
DA:250,0
DA:251,0
DA:252,0
DA:253,0
DA:254,0
DA:255,0
DA:256,0
DA:257,0
DA:258,0
DA:259,0
DA:260,0
DA:261,0
DA:265,0
DA:266,0
DA:267,0
DA:268,0
DA:269,0
DA:270,0
DA:271,0
DA:272,0
DA:276,0
DA:277,0
DA:278,0
DA:279,0
DA:280,0
DA:281,0
DA:282,0
DA:283,0
DA:287,4
DA:288,4
DA:289,4
DA:290,4
DA:291,4
DA:292,4
DA:293,4
DA:303,62
DA:304,62
DA:305,62
DA:306,62
DA:307,62
DA:308,62
DA:309,62
DA:313,160
DA:314,160
DA:315,54
DA:316,54
DA:317,160
DA:318,106
DA:319,106
DA:323,106
DA:324,106
DA:325,16
DA:326,16
DA:327,106
DA:328,56
DA:329,56
DA:330,106
DA:331,34
DA:332,34
DA:333,34
DA:334,34
DA:335,34
DA:336,82
DA:337,34
DA:338,34
DA:339,106
DA:340,0
DA:341,0
DA:342,106
DA:343,0
DA:344,0
DA:348,24
DA:349,24
DA:350,24
DA:351,24
DA:352,24
DA:356,99
DA:357,99
DA:358,99
DA:359,99
DA:360,0
DA:361,0
DA:362,99
DA:363,0
DA:364,0
DA:365,99
DA:366,99
DA:367,99
DA:368,2
DA:369,2
DA:370,2
DA:371,2
DA:372,2
DA:373,99
DA:374,99
DA:375,99
DA:376,1
DA:377,1
DA:378,99
DA:379,99
DA:380,2
DA:381,2
DA:382,2
DA:383,6
DA:384,2
DA:385,2
DA:386,2
DA:387,99
DA:388,8
DA:389,8
DA:390,8
DA:391,18
DA:392,8
DA:393,8
DA:394,99
DA:395,99
DA:396,5
DA:397,5
DA:398,99
DA:399,2
DA:400,2
DA:401,99
DA:402,1
DA:403,1
DA:404,99
DA:405,6
DA:406,6
DA:407,99
DA:408,0
DA:409,0
DA:410,99
DA:411,4
DA:412,4
DA:413,99
DA:414,0
DA:415,0
DA:416,0
DA:417,99
DA:418,2
DA:419,2
DA:420,99
DA:421,1
DA:422,1
DA:423,99
DA:424,65
DA:425,65
DA:429,8
DA:430,8
DA:431,8
DA:432,8
DA:433,8
DA:434,0
DA:435,0
DA:439,32
DA:440,32
DA:441,0
DA:442,0
DA:443,32
DA:444,0
DA:445,0
DA:446,32
DA:447,0
DA:448,0
DA:449,32
DA:450,0
DA:451,0
DA:452,32
DA:453,0
DA:454,0
DA:455,32
DA:456,32
DA:457,32
DA:461,616
DA:462,616
DA:463,287
DA:464,287
DA:465,616
DA:466,38
DA:467,38
DA:468,616
DA:469,40
DA:470,40
DA:471,40
DA:472,96
DA:473,40
DA:474,40
DA:475,616
DA:476,32
DA:477,32
DA:478,32
DA:479,64
DA:480,32
DA:481,32
DA:482,616
DA:483,22
DA:484,22
DA:485,616
DA:486,197
DA:487,197
DA:493,74
DA:494,74
DA:495,74
DA:496,74
DA:497,166
DA:498,132
DA:499,4
DA:500,166
DA:501,166
DA:502,162
DA:503,74
DA:504,74
DA:505,74
LF:386
LH:276
end_of_record

TN:
SF:/Users/dillonkearns/src/github.com/dillonkearns/elm-syntax/property-test/script/src/Canonical/FromElmFormatJson.elm
FN:23,decoder
FN:30,declarationDecoder
FN:79,definitionDecoder
FN:98,typeAliasDecoder
FN:113,customTypeDecoder
FN:128,constructorDecoder
FN:135,portDecoder
FN:152,expressionDecoder
FN:307,functionApplicationDecoder
FN:317,letDeclarationDecoder
FN:348,recordExprDecoder
FN:356,constructorRefDecoder
FN:387,recordUpdateDecoder
FN:400,patternDecoder
FN:492,typeAnnotationDecoder
FN:561,recordTypeDecoder
FNDA:1,decoder
FNDA:1,declarationDecoder
FNDA:1,definitionDecoder
FNDA:1,typeAliasDecoder
FNDA:1,customTypeDecoder
FNDA:1,constructorDecoder
FNDA:1,portDecoder
FNDA:1,expressionDecoder
FNDA:1,functionApplicationDecoder
FNDA:1,letDeclarationDecoder
FNDA:1,recordExprDecoder
FNDA:1,constructorRefDecoder
FNDA:1,recordUpdateDecoder
FNDA:1,patternDecoder
FNDA:1,typeAnnotationDecoder
FNDA:1,recordTypeDecoder
FNF:16
FNH:16
BRDA:36,0,0,13
BRDA:39,0,1,29
BRDA:42,0,2,19
BRDA:45,0,3,0
BRDA:50,0,4,0
BRDA:63,0,5,0
BRDA:157,0,6,6
BRDA:160,0,7,6
BRDA:163,0,8,6
BRDA:166,0,9,5
BRDA:174,0,10,8
BRDA:177,0,11,0
BRDA:169,0,12,8
BRDA:181,0,13,13
BRDA:194,0,14,0
BRDA:197,0,15,0
BRDA:185,0,16,0
BRDA:202,0,17,0
BRDA:206,0,18,5
BRDA:211,0,19,1
BRDA:218,0,20,0
BRDA:222,0,21,0
BRDA:228,0,22,4
BRDA:233,0,23,5
BRDA:245,0,24,0
BRDA:250,0,25,1
BRDA:255,0,26,0
BRDA:259,0,27,3
BRDA:263,0,28,0
BRDA:267,0,29,0
BRDA:271,0,30,0
BRDA:274,0,31,0
BRDA:277,0,32,2
BRDA:280,0,33,0
BRDA:283,0,34,4
BRDA:286,0,35,4
BRDA:290,0,36,0
BRDA:295,0,37,0
BRDA:298,0,38,0
BRDA:301,0,39,0
BRDA:322,0,40,9
BRDA:337,0,41,0
BRDA:342,0,42,0
BRDA:361,0,43,0
BRDA:373,0,44,4
BRDA:376,0,45,0
BRDA:365,0,46,4
BRDA:381,0,47,1
BRDA:405,0,48,1
BRDA:408,0,49,0
BRDA:411,0,50,26
BRDA:414,0,51,0
BRDA:422,0,52,0
BRDA:425,0,53,0
BRDA:417,0,54,0
BRDA:434,0,55,0
BRDA:437,0,56,0
BRDA:429,0,57,0
BRDA:441,0,58,0
BRDA:444,0,59,1
BRDA:447,0,60,0
BRDA:450,0,61,0
BRDA:454,0,62,0
BRDA:458,0,63,5
BRDA:464,0,64,0
BRDA:469,0,65,1
BRDA:473,0,66,0
BRDA:479,0,67,0
BRDA:482,0,68,1
BRDA:497,0,69,20
BRDA:500,0,70,86
BRDA:513,0,71,21
BRDA:516,0,72,134
BRDA:525,0,73,21
BRDA:528,0,74,134
BRDA:503,0,75,155
BRDA:536,0,76,23
BRDA:540,0,77,20
BRDA:543,0,78,18
BRDA:546,0,79,11
BRDA:555,0,80,0
BRDA:573,0,81,18
BRDA:576,0,82,20
BRF:83
BRH:42
DA:23,1
DA:24,1
DA:25,34
DA:26,1
DA:30,1
DA:31,1
DA:32,1
DA:33,1
DA:34,61
DA:35,61
DA:36,13
DA:37,13
DA:38,61
DA:39,29
DA:40,29
DA:41,61
DA:42,19
DA:43,19
DA:44,61
DA:45,0
DA:46,0
DA:47,61
DA:48,61
DA:49,61
DA:50,0
DA:51,0
DA:52,0
DA:53,0
DA:54,0
DA:55,0
DA:56,0
DA:57,0
DA:58,0
DA:59,0
DA:60,0
DA:61,0
DA:62,61
DA:63,0
DA:64,0
DA:65,1
DA:66,1
DA:67,1
DA:68,1
DA:69,28
DA:70,28
DA:71,28
DA:72,28
DA:73,28
DA:74,1
DA:75,1
DA:79,1
DA:80,1
DA:81,10
DA:82,10
DA:83,10
DA:84,10
DA:85,10
DA:86,10
DA:87,10
DA:88,1
DA:89,1
DA:90,1
DA:91,1
DA:92,1
DA:93,1
DA:94,1
DA:98,1
DA:99,1
DA:100,29
DA:101,29
DA:102,29
DA:103,29
DA:104,29
DA:105,29
DA:106,1
DA:107,1
DA:108,1
DA:109,1
DA:113,1
DA:114,1
DA:115,19
DA:116,19
DA:117,19
DA:118,19
DA:119,19
DA:120,19
DA:121,1
DA:122,1
DA:123,1
DA:124,1
DA:128,1
DA:129,1
DA:130,1
DA:131,1
DA:135,1
DA:136,1
DA:137,0
DA:138,0
DA:139,0
DA:140,0
DA:141,0
DA:142,1
DA:143,1
DA:144,1
DA:152,1
DA:153,1
DA:154,1
DA:155,73
DA:156,73
DA:157,6
DA:158,6
DA:159,73
DA:160,6
DA:161,6
DA:162,73
DA:163,6
DA:164,6
DA:165,73
DA:166,5
DA:167,5
DA:168,73
DA:169,8
DA:170,8
DA:171,8
DA:172,8
DA:173,8
DA:174,8
DA:175,8
DA:176,8
DA:177,0
DA:178,0
DA:179,8
DA:180,73
DA:181,13
DA:182,13
DA:183,13
DA:184,73
DA:185,0
DA:186,0
DA:187,0
DA:188,0
DA:189,0
DA:190,0
DA:191,0
DA:192,0
DA:193,0
DA:194,0
DA:195,0
DA:196,0
DA:197,0
DA:198,0
DA:199,0
DA:200,0
DA:201,73
DA:202,0
DA:203,0
DA:204,0
DA:205,73
DA:206,5
DA:207,5
DA:208,73
DA:209,73
DA:210,73
DA:211,1
DA:212,1
DA:213,0
DA:214,1
DA:215,1
DA:216,1
DA:217,73
DA:218,0
DA:219,0
DA:220,0
DA:221,73
DA:222,0
DA:223,0
DA:224,0
DA:225,0
DA:226,0
DA:227,73
DA:228,4
DA:229,4
DA:230,9
DA:231,4
DA:232,73
DA:233,5
DA:234,5
DA:235,5
DA:236,5
DA:237,5
DA:238,5
DA:239,9
DA:240,6
DA:241,5
DA:242,5
DA:243,5
DA:244,73
DA:245,0
DA:246,0
DA:247,0
DA:248,0
DA:249,73
DA:250,1
DA:251,1
DA:252,3
DA:253,1
DA:254,73
DA:255,0
DA:256,0
DA:257,0
DA:258,73
DA:259,3
DA:260,8
DA:261,3
DA:262,73
DA:263,0
DA:264,0
DA:265,0
DA:266,73
DA:267,0
DA:268,0
DA:269,0
DA:270,73
DA:271,0
DA:272,0
DA:273,73
DA:274,0
DA:275,0
DA:276,73
DA:277,2
DA:278,2
DA:279,73
DA:280,0
DA:281,0
DA:282,73
DA:283,4
DA:284,4
DA:285,73
DA:286,4
DA:287,4
DA:288,4
DA:289,73
DA:290,0
DA:291,0
DA:292,0
DA:293,0
DA:294,73
DA:295,0
DA:296,0
DA:297,73
DA:298,0
DA:299,0
DA:300,73
DA:301,0
DA:302,0
DA:303,1
DA:307,1
DA:308,1
DA:309,5
DA:310,5
DA:311,1
DA:312,5
DA:313,7
DA:317,1
DA:318,1
DA:319,1
DA:320,9
DA:321,9
DA:322,9
DA:323,9
DA:324,9
DA:325,9
DA:326,9
DA:327,9
DA:328,9
DA:329,9
DA:330,9
DA:331,9
DA:332,9
DA:333,9
DA:334,9
DA:335,9
DA:336,9
DA:337,0
DA:338,0
DA:339,0
DA:340,0
DA:341,9
DA:342,0
DA:343,0
DA:344,1
DA:348,1
DA:349,1
DA:350,6
DA:351,1
DA:352,1
DA:356,1
DA:357,1
DA:358,1
DA:359,5
DA:360,5
DA:361,0
DA:362,0
DA:363,0
DA:364,5
DA:365,4
DA:366,4
DA:367,4
DA:368,4
DA:369,4
DA:370,4
DA:371,4
DA:372,4
DA:373,4
DA:374,4
DA:375,4
DA:376,0
DA:377,4
DA:378,4
DA:379,4
DA:380,5
DA:381,1
DA:382,1
DA:383,1
DA:387,1
DA:388,1
DA:389,1
DA:390,1
DA:391,9
DA:392,1
DA:400,1
DA:401,1
DA:402,1
DA:403,35
DA:404,35
DA:405,1
DA:406,1
DA:407,35
DA:408,0
DA:409,0
DA:410,35
DA:411,26
DA:412,26
DA:413,35
DA:414,0
DA:415,0
DA:416,35
DA:417,0
DA:418,0
DA:419,0
DA:420,0
DA:421,0
DA:422,0
DA:423,0
DA:424,0
DA:425,0
DA:426,0
DA:427,0
DA:428,35
DA:429,0
DA:430,0
DA:431,0
DA:432,0
DA:433,0
DA:434,0
DA:435,0
DA:436,0
DA:437,0
DA:438,0
DA:439,0
DA:440,35
DA:441,0
DA:442,0
DA:443,35
DA:444,1
DA:445,1
DA:446,35
DA:447,0
DA:448,0
DA:449,35
DA:450,0
DA:451,0
DA:452,0
DA:453,35
DA:454,0
DA:455,0
DA:456,0
DA:457,35
DA:458,5
DA:459,5
DA:460,4
DA:461,5
DA:462,0
DA:463,35
DA:464,0
DA:465,0
DA:466,0
DA:467,0
DA:468,35
DA:469,1
DA:470,0
DA:471,1
DA:472,35
DA:473,0
DA:474,0
DA:475,0
DA:476,0
DA:477,35
DA:478,35
DA:479,0
DA:480,0
DA:481,35
DA:482,1
DA:483,1
DA:484,1
DA:492,1
DA:493,1
DA:494,1
DA:495,333
DA:496,333
DA:497,20
DA:498,20
DA:499,333
DA:500,86
DA:501,86
DA:502,333
DA:503,155
DA:504,155
DA:505,155
DA:506,155
DA:507,155
DA:508,155
DA:509,155
DA:510,155
DA:511,155
DA:512,155
DA:513,21
DA:514,155
DA:515,155
DA:516,134
DA:517,155
DA:518,155
DA:519,155
DA:520,155
DA:521,155
DA:522,155
DA:523,155
DA:524,155
DA:525,21
DA:526,21
DA:527,155
DA:528,134
DA:529,134
DA:530,155
DA:531,155
DA:532,155
DA:533,155
DA:534,77
DA:535,333
DA:536,23
DA:537,58
DA:538,23
DA:539,333
DA:540,20
DA:541,20
DA:542,333
DA:543,18
DA:544,18
DA:545,333
DA:546,11
DA:547,11
DA:548,11
DA:549,11
DA:550,11
DA:551,11
DA:552,11
DA:553,11
DA:554,333
DA:555,0
DA:556,0
DA:557,1
DA:561,1
DA:562,1
DA:563,38
DA:564,38
DA:565,38
DA:566,38
DA:567,85
DA:568,215
DA:569,38
DA:570,38
DA:571,38
DA:572,38
DA:573,18
DA:574,18
DA:575,38
DA:576,20
DA:577,20
DA:578,1
DA:579,1
DA:580,83
DA:581,1
LF:502
LH:362
end_of_record

TN:
SF:/Users/dillonkearns/src/github.com/dillonkearns/elm-syntax/property-test/script/src/Canonical.elm
LF:0
LH:0
end_of_record

TN:
SF:/Users/dillonkearns/src/github.com/dillonkearns/elm-syntax/property-test/script/src/DiagnoseSkips.elm
FN:14,run
FN:25,diagnose
FNDA:0,run
FNDA:0,diagnose
FNF:2
FNH:0
BRDA:27,0,0,0
BRDA:44,0,1,0
BRDA:49,0,2,0
BRDA:30,0,3,0
BRF:4
BRH:0
DA:14,0
DA:15,0
DA:16,0
DA:17,0
DA:18,0
DA:19,0
DA:20,0
DA:21,0
DA:25,0
DA:26,0
DA:27,0
DA:28,0
DA:29,0
DA:30,0
DA:31,0
DA:32,0
DA:33,0
DA:34,0
DA:35,0
DA:36,0
DA:37,0
DA:38,0
DA:39,0
DA:40,0
DA:41,0
DA:42,0
DA:43,0
DA:44,0
DA:45,0
DA:46,0
DA:47,0
DA:48,0
DA:49,0
DA:50,0
LF:34
LH:0
end_of_record

TN:
SF:/Users/dillonkearns/src/github.com/dillonkearns/elm-syntax/property-test/script/src/PropertyTest.elm
FN:23,run
FN:64,runTests
FN:109,elmFormatResultDecoder
FN:116,compareSource
FN:179,compareAsts
FN:222,program
FNDA:1,run
FNDA:51,runTests
FNDA:1,elmFormatResultDecoder
FNDA:50,compareSource
FNDA:34,compareAsts
FNDA:1,program
FNF:6
FNH:6
BRDA:31,0,0,1
BRDA:34,0,1,0
BRDA:66,0,2,1
BRDA:83,0,3,29
BRDA:86,0,4,5
BRDA:89,0,5,16
BRDA:69,0,6,50
BRDA:129,0,7,9
BRDA:134,0,8,4
BRDA:138,0,9,0
BRDA:143,0,10,3
BRDA:153,0,11,0
BRDA:165,0,12,34
BRDA:168,0,13,0
BRDA:163,0,14,34
BRDA:172,0,15,0
BRDA:191,0,16,29
BRDA:195,0,17,2
BRDA:185,0,18,31
BRDA:205,0,19,3
BRDA:231,0,20,0
BRDA:236,0,21,1
BRDA:239,0,22,0
BRDA:234,0,23,1
BRDA:249,0,24,1
BRDA:252,0,25,0
BRF:26
BRH:18
DA:23,1
DA:24,1
DA:25,1
DA:26,1
DA:27,1
DA:28,1
DA:29,1
DA:30,1
DA:31,1
DA:32,1
DA:33,1
DA:34,0
DA:35,0
DA:36,1
DA:37,1
DA:38,1
DA:39,1
DA:40,1
DA:41,1
DA:42,1
DA:43,1
DA:44,1
DA:45,1
DA:46,1
DA:47,1
DA:48,1
DA:49,1
DA:50,1
DA:51,1
DA:52,1
DA:53,1
DA:64,51
DA:65,51
DA:66,1
DA:67,51
DA:68,51
DA:69,50
DA:70,50
DA:71,50
DA:72,50
DA:73,50
DA:74,50
DA:75,50
DA:76,50
DA:77,50
DA:78,50
DA:79,50
DA:80,50
DA:81,50
DA:82,50
DA:83,29
DA:84,29
DA:85,50
DA:86,5
DA:87,5
DA:88,50
DA:89,16
DA:90,16
DA:91,50
DA:92,50
DA:93,50
DA:109,1
DA:110,1
DA:111,1
DA:112,1
DA:116,50
DA:117,50
DA:118,50
DA:119,50
DA:120,50
DA:121,50
DA:122,50
DA:123,50
DA:124,50
DA:125,50
DA:126,50
DA:127,50
DA:128,50
DA:129,9
DA:130,9
DA:131,9
DA:132,50
DA:133,50
DA:134,4
DA:135,4
DA:136,4
DA:137,50
DA:138,0
DA:139,0
DA:140,0
DA:141,50
DA:142,50
DA:143,3
DA:144,3
DA:145,3
DA:146,3
DA:147,3
DA:148,3
DA:149,3
DA:150,3
DA:151,50
DA:152,50
DA:153,0
DA:154,0
DA:155,0
DA:156,0
DA:157,0
DA:158,0
DA:159,0
DA:160,0
DA:161,50
DA:162,50
DA:163,34
DA:164,34
DA:165,34
DA:166,34
DA:167,34
DA:168,0
DA:169,0
DA:170,0
DA:171,50
DA:172,0
DA:173,0
DA:174,0
DA:175,50
DA:179,34
DA:180,34
DA:181,34
DA:182,34
DA:183,34
DA:184,34
DA:185,31
DA:186,31
DA:187,31
DA:188,31
DA:189,31
DA:190,31
DA:191,29
DA:192,29
DA:193,31
DA:194,31
DA:195,2
DA:196,2
DA:197,2
DA:198,2
DA:199,2
DA:200,2
DA:201,2
DA:202,2
DA:203,2
DA:204,34
DA:205,3
DA:206,3
DA:207,3
DA:208,3
DA:209,3
DA:210,3
DA:211,3
DA:212,3
DA:222,1
DA:223,1
DA:224,1
DA:225,1
DA:226,1
DA:227,1
DA:228,1
DA:229,1
DA:230,1
DA:231,0
DA:232,0
DA:233,1
DA:234,1
DA:235,1
DA:236,1
DA:237,1
DA:238,1
DA:239,0
DA:240,0
DA:241,1
DA:242,1
DA:243,1
DA:244,1
DA:245,1
DA:246,1
DA:247,1
DA:248,1
DA:249,1
DA:250,1
DA:251,1
DA:252,0
DA:253,0
DA:254,1
DA:255,1
DA:256,1
LF:194
LH:169
end_of_record

TN:
SF:/Users/dillonkearns/src/github.com/dillonkearns/elm-syntax/property-test/script/src/Generate/Identifier.elm
FN:12,lowerName
FN:29,upperName
FN:34,lowerNames
FN:67,upperNames
FN:86,isKeyword
FN:91,keywords
FNDA:1,lowerName
FNDA:1,upperName
FNDA:1,lowerNames
FNDA:1,upperNames
FNDA:524,isKeyword
FNDA:1,keywords
FNF:6
FNH:6
BRDA:18,0,0,0
BRDA:22,0,1,524
BRF:2
BRH:1
DA:12,1
DA:13,1
DA:14,1
DA:15,524
DA:16,524
DA:17,524
DA:18,0
DA:19,0
DA:20,524
DA:21,524
DA:22,524
DA:23,1
DA:29,1
DA:30,1
DA:34,1
DA:35,1
DA:36,1
DA:37,1
DA:38,1
DA:39,1
DA:40,1
DA:41,1
DA:42,1
DA:43,1
DA:44,1
DA:45,1
DA:46,1
DA:47,1
DA:48,1
DA:49,1
DA:50,1
DA:51,1
DA:52,1
DA:53,1
DA:54,1
DA:55,1
DA:56,1
DA:57,1
DA:58,1
DA:59,1
DA:60,1
DA:61,1
DA:62,1
DA:63,1
DA:67,1
DA:68,1
DA:69,1
DA:70,1
DA:71,1
DA:72,1
DA:73,1
DA:74,1
DA:75,1
DA:76,1
DA:77,1
DA:78,1
DA:79,1
DA:80,1
DA:81,1
DA:82,1
DA:86,524
DA:87,524
DA:91,1
DA:92,1
DA:93,1
DA:94,1
DA:95,1
DA:96,1
DA:97,1
DA:98,1
DA:99,1
DA:100,1
DA:101,1
DA:102,1
DA:103,1
DA:104,1
DA:105,1
DA:106,1
LF:78
LH:76
end_of_record

TN:
SF:/Users/dillonkearns/src/github.com/dillonkearns/elm-syntax/property-test/script/src/Generate/Expression.elm
FN:16,generator
FN:44,topLevelGenerator
FN:57,leaf
FN:72,intLiteral
FN:77,floatLiteral
FN:87,stringLiteral
FN:93,charLiteral
FN:99,unitLiteral
FN:104,variableRef
FN:109,recordAccessFn
FN:114,hexLiteral
FN:119,prefixOperator
FN:124,application
FN:132,operatorExpr
FN:141,operator
FN:146,ifExpr
FN:157,caseExpr
FN:177,letExpr
FN:197,lambdaExpr
FN:209,tupleExpr
FN:218,listExpr
FN:227,recordExpr
FN:243,negation
FN:248,parenExpr
FN:253,recordAccessExpr
FN:261,recordUpdateExpr
FN:285,escapeString
FN:293,escapeChar
FN:306,randomList
FNDA:5081,generator
FNDA:50,topLevelGenerator
FNDA:1,leaf
FNDA:1,intLiteral
FNDA:1,floatLiteral
FNDA:1,stringLiteral
FNDA:1,charLiteral
FNDA:1,unitLiteral
FNDA:1,variableRef
FNDA:1,recordAccessFn
FNDA:1,hexLiteral
FNDA:1,prefixOperator
FNDA:552,application
FNDA:552,operatorExpr
FNDA:1,operator
FNDA:552,ifExpr
FNDA:50,caseExpr
FNDA:50,letExpr
FNDA:552,lambdaExpr
FNDA:552,tupleExpr
FNDA:552,listExpr
FNDA:552,recordExpr
FNDA:552,negation
FNDA:552,parenExpr
FNDA:552,recordAccessExpr
FNDA:552,recordUpdateExpr
FNDA:13,escapeString
FNDA:14,escapeChar
FNDA:149,randomList
FNF:29
FNH:29
BRDA:18,0,0,4529
BRDA:24,0,1,552
BRDA:46,0,2,0
BRDA:49,0,3,50
BRDA:295,0,4,0
BRDA:298,0,5,0
BRDA:301,0,6,14
BRDA:308,0,7,47
BRDA:311,0,8,102
BRF:9
BRH:6
DA:16,5081
DA:17,5081
DA:18,4529
DA:19,5081
DA:20,5081
DA:21,5081
DA:22,5081
DA:23,5081
DA:24,552
DA:25,552
DA:26,552
DA:27,552
DA:28,552
DA:29,552
DA:30,552
DA:31,552
DA:32,552
DA:33,552
DA:34,552
DA:35,552
DA:36,552
DA:37,552
DA:44,50
DA:45,50
DA:46,0
DA:47,50
DA:48,50
DA:49,50
DA:50,50
DA:51,50
DA:52,50
DA:53,50
DA:57,1
DA:58,1
DA:59,1
DA:60,1
DA:61,1
DA:62,1
DA:63,1
DA:64,1
DA:65,1
DA:66,1
DA:67,1
DA:68,1
DA:72,1
DA:73,1
DA:77,1
DA:78,1
DA:79,16
DA:80,16
DA:81,1
DA:82,1
DA:83,1
DA:87,1
DA:88,1
DA:89,13
DA:93,1
DA:94,1
DA:95,14
DA:99,1
DA:100,1
DA:104,1
DA:105,1
DA:109,1
DA:110,16
DA:114,1
DA:115,18
DA:119,1
DA:120,1
DA:124,552
DA:125,552
DA:126,4
DA:127,552
DA:128,552
DA:132,552
DA:133,552
DA:134,3
DA:135,552
DA:136,552
DA:137,552
DA:141,1
DA:142,1
DA:146,552
DA:147,552
DA:148,2
DA:149,2
DA:150,552
DA:151,552
DA:152,552
DA:153,552
DA:157,50
DA:158,50
DA:159,50
DA:160,50
DA:161,50
DA:162,24
DA:163,50
DA:164,50
DA:165,50
DA:166,50
DA:167,11
DA:168,11
DA:169,50
DA:170,50
DA:171,50
DA:172,11
DA:173,50
DA:177,50
DA:178,50
DA:179,50
DA:180,50
DA:181,50
DA:182,27
DA:183,50
DA:184,50
DA:185,50
DA:186,50
DA:187,14
DA:188,14
DA:189,50
DA:190,50
DA:191,14
DA:192,50
DA:193,50
DA:197,552
DA:198,552
DA:199,2
DA:200,2
DA:201,552
DA:202,552
DA:203,2
DA:204,552
DA:205,552
DA:209,552
DA:210,552
DA:211,552
DA:212,6
DA:213,552
DA:214,6
DA:218,552
DA:219,552
DA:220,552
DA:221,3
DA:222,552
DA:223,3
DA:227,552
DA:228,552
DA:229,552
DA:230,4
DA:231,4
DA:232,4
DA:233,11
DA:234,4
DA:235,4
DA:236,4
DA:237,552
DA:238,552
DA:239,4
DA:243,552
DA:244,1
DA:248,552
DA:249,2
DA:253,552
DA:254,552
DA:255,2
DA:256,552
DA:257,552
DA:261,552
DA:262,552
DA:263,7
DA:264,7
DA:265,552
DA:266,552
DA:267,552
DA:268,552
DA:269,7
DA:270,7
DA:271,7
DA:272,15
DA:273,7
DA:274,7
DA:275,7
DA:276,552
DA:277,552
DA:285,13
DA:286,13
DA:287,13
DA:288,13
DA:289,13
DA:293,14
DA:294,14
DA:295,0
DA:296,0
DA:297,14
DA:298,0
DA:299,0
DA:300,14
DA:301,14
DA:302,14
DA:306,149
DA:307,149
DA:308,47
DA:309,149
DA:310,149
DA:311,102
LF:205
LH:200
end_of_record

TN:
SF:/Users/dillonkearns/src/github.com/dillonkearns/elm-syntax/property-test/script/src/Generate/TypeAnnotation.elm
FN:13,generator
FN:31,leaf
FN:36,maybeType
FN:41,listType
FN:46,resultType
FN:54,tupleType
FN:61,recordType
FN:76,extensibleRecordType
FN:96,functionType
FN:108,wrapIfComplex
FN:117,randomList
FNDA:5372,generator
FNDA:1,leaf
FNDA:837,maybeType
FNDA:837,listType
FNDA:837,resultType
FNDA:837,tupleType
FNDA:837,recordType
FNDA:837,extensibleRecordType
FNDA:837,functionType
FNDA:191,wrapIfComplex
FNDA:476,randomList
FNF:11
FNH:11
BRDA:15,0,0,4535
BRDA:18,0,1,837
BRDA:110,0,2,26
BRDA:113,0,3,165
BRDA:119,0,4,142
BRDA:122,0,5,334
BRF:6
BRH:6
DA:13,5372
DA:14,5372
DA:15,4535
DA:16,5372
DA:17,5372
DA:18,837
DA:19,837
DA:20,837
DA:21,837
DA:22,837
DA:23,837
DA:24,837
DA:25,837
DA:26,837
DA:27,837
DA:31,1
DA:32,1
DA:36,837
DA:37,52
DA:41,837
DA:42,45
DA:46,837
DA:47,837
DA:48,47
DA:49,837
DA:50,837
DA:54,837
DA:55,837
DA:56,50
DA:57,50
DA:61,837
DA:62,837
DA:63,837
DA:64,46
DA:65,46
DA:66,46
DA:67,112
DA:68,46
DA:69,46
DA:70,46
DA:71,837
DA:72,46
DA:76,837
DA:77,837
DA:78,46
DA:79,46
DA:80,837
DA:81,837
DA:82,837
DA:83,837
DA:84,46
DA:85,46
DA:86,46
DA:87,95
DA:88,46
DA:89,46
DA:90,46
DA:91,837
DA:92,837
DA:96,837
DA:97,837
DA:98,37
DA:99,837
DA:100,837
DA:108,191
DA:109,191
DA:110,26
DA:111,191
DA:112,191
DA:113,165
DA:117,476
DA:118,476
DA:119,142
DA:120,476
DA:121,476
DA:122,334
LF:76
LH:76
end_of_record

TN:
SF:/Users/dillonkearns/src/github.com/dillonkearns/elm-syntax/property-test/script/src/Generate/Pattern.elm
FN:13,generator
FN:29,leaf
FN:41,wildcard
FN:46,unitPattern
FN:51,varPattern
FN:56,intPattern
FN:61,stringPattern
FN:67,charPattern
FN:73,tuplePattern
FN:80,consPattern
FN:88,listPattern
FN:95,namedPattern
FN:111,asPattern
FN:123,randomList
FNDA:216,generator
FNDA:1,leaf
FNDA:1,wildcard
FNDA:1,unitPattern
FNDA:1,varPattern
FNDA:1,intPattern
FNDA:1,stringPattern
FNDA:1,charPattern
FNDA:50,tuplePattern
FNDA:50,consPattern
FNDA:50,listPattern
FNDA:50,namedPattern
FNDA:50,asPattern
FNDA:49,randomList
FNF:14
FNH:14
BRDA:15,0,0,166
BRDA:18,0,1,50
BRDA:99,0,2,2
BRDA:102,0,3,4
BRDA:125,0,4,16
BRDA:128,0,5,33
BRF:6
BRH:6
DA:13,216
DA:14,216
DA:15,166
DA:16,216
DA:17,216
DA:18,50
DA:19,50
DA:20,50
DA:21,50
DA:22,50
DA:23,50
DA:24,50
DA:25,50
DA:29,1
DA:30,1
DA:31,1
DA:32,1
DA:33,1
DA:34,1
DA:35,1
DA:36,1
DA:37,1
DA:41,1
DA:42,1
DA:46,1
DA:47,1
DA:51,1
DA:52,1
DA:56,1
DA:57,1
DA:61,1
DA:62,1
DA:63,9
DA:67,1
DA:68,1
DA:69,5
DA:73,50
DA:74,50
DA:75,5
DA:76,5
DA:80,50
DA:81,50
DA:82,2
DA:83,50
DA:84,50
DA:88,50
DA:89,50
DA:90,5
DA:91,5
DA:95,50
DA:96,50
DA:97,6
DA:98,6
DA:99,2
DA:100,6
DA:101,6
DA:102,7
DA:103,50
DA:104,50
DA:105,50
DA:106,6
DA:107,50
DA:111,50
DA:112,50
DA:113,2
DA:114,50
DA:115,50
DA:123,49
DA:124,49
DA:125,16
DA:126,49
DA:127,49
DA:128,33
LF:73
LH:73
end_of_record

TN:
SF:/Users/dillonkearns/src/github.com/dillonkearns/elm-syntax/property-test/script/src/Generate/Module.elm
FN:14,generator
FN:39,randomList
FNDA:50,generator
FNDA:197,randomList
FNF:2
FNH:2
BRDA:25,0,0,23
BRDA:28,0,1,27
BRDA:41,0,2,50
BRDA:44,0,3,147
BRF:4
BRH:4
DA:14,50
DA:15,50
DA:16,50
DA:17,50
DA:18,50
DA:19,50
DA:20,50
DA:21,50
DA:22,50
DA:23,50
DA:24,50
DA:25,23
DA:26,50
DA:27,50
DA:28,27
DA:29,50
DA:30,50
DA:31,50
DA:39,197
DA:40,197
DA:41,50
DA:42,197
DA:43,197
DA:44,147
LF:24
LH:24
end_of_record

TN:
SF:/Users/dillonkearns/src/github.com/dillonkearns/elm-syntax/property-test/script/src/Generate/Declaration.elm
FN:15,generator
FN:25,functionDecl
FN:68,typeAliasDecl
FN:89,customTypeDecl
FN:124,variantDecl
FN:154,portDecl
FN:168,randomList
FNDA:50,generator
FNDA:50,functionDecl
FNDA:50,typeAliasDecl
FNDA:50,customTypeDecl
FNDA:34,variantDecl
FNDA:50,portDecl
FNDA:605,randomList
FNF:7
FNH:7
BRDA:31,0,0,17
BRDA:34,0,1,20
BRDA:39,0,2,9
BRDA:42,0,3,28
BRDA:57,0,4,17
BRDA:60,0,5,20
BRDA:74,0,6,12
BRDA:77,0,7,30
BRDA:95,0,8,11
BRDA:98,0,9,23
BRDA:105,0,10,34
BRDA:108,0,11,57
BRDA:128,0,12,22
BRDA:131,0,13,69
BRDA:142,0,14,59
BRDA:145,0,15,75
BRDA:170,0,16,238
BRDA:173,0,17,367
BRF:18
BRH:18
DA:15,50
DA:16,50
DA:17,50
DA:18,50
DA:19,50
DA:20,50
DA:21,50
DA:25,50
DA:26,50
DA:27,37
DA:28,37
DA:29,37
DA:30,37
DA:31,17
DA:32,17
DA:33,37
DA:34,20
DA:35,20
DA:36,37
DA:37,37
DA:38,37
DA:39,9
DA:40,37
DA:41,37
DA:42,28
DA:43,37
DA:44,37
DA:45,50
DA:46,50
DA:47,50
DA:48,50
DA:49,37
DA:50,50
DA:51,50
DA:52,50
DA:53,50
DA:54,50
DA:55,37
DA:56,37
DA:57,17
DA:58,37
DA:59,37
DA:60,20
DA:61,50
DA:62,50
DA:63,50
DA:64,50
DA:68,50
DA:69,50
DA:70,42
DA:71,42
DA:72,42
DA:73,42
DA:74,12
DA:75,42
DA:76,42
DA:77,30
DA:78,42
DA:79,42
DA:80,50
DA:81,50
DA:82,50
DA:83,42
DA:84,50
DA:85,50
DA:89,50
DA:90,50
DA:91,34
DA:92,34
DA:93,34
DA:94,34
DA:95,11
DA:96,34
DA:97,34
DA:98,23
DA:99,34
DA:100,34
DA:101,34
DA:102,34
DA:103,91
DA:104,91
DA:105,34
DA:106,91
DA:107,91
DA:108,57
DA:109,34
DA:110,34
DA:111,34
DA:112,34
DA:113,50
DA:114,50
DA:115,50
DA:116,34
DA:117,50
DA:118,50
DA:119,34
DA:120,50
DA:124,34
DA:125,34
DA:126,91
DA:127,91
DA:128,22
DA:129,91
DA:130,91
DA:131,69
DA:132,34
DA:133,34
DA:134,34
DA:135,34
DA:136,91
DA:137,91
DA:138,91
DA:139,91
DA:140,134
DA:141,134
DA:142,59
DA:143,134
DA:144,134
DA:145,75
DA:146,91
DA:147,91
DA:148,34
DA:149,34
DA:154,50
DA:155,50
DA:156,34
DA:157,34
DA:158,50
DA:159,50
DA:160,50
DA:168,605
DA:169,605
DA:170,238
DA:171,605
DA:172,605
DA:173,367
LF:136
LH:136
end_of_record
